2024-07-02 00:00:10,438 [ERROR] LogOutputStream:75 - [STDERR_REDIRECT] Jul 02, 2024 12:00:10 AM java.util.prefs.FileSystemPreferences checkLockFile0ErrorCode
2024-07-02 00:00:10,510 [ERROR] LogOutputStream:75 - [STDERR_REDIRECT] WARNING: Could not lock System prefs. Unix error code 5.
2024-07-02 00:00:10,510 [ERROR] LogOutputStream:75 - [STDERR_REDIRECT] 
2024-07-02 00:00:10,511 [ERROR] LogOutputStream:75 - [STDERR_REDIRECT] Jul 02, 2024 12:00:10 AM java.util.prefs.FileSystemPreferences syncWorld
2024-07-02 00:00:10,511 [ERROR] LogOutputStream:75 - [STDERR_REDIRECT] WARNING: Couldn't flush system prefs: java.util.prefs.BackingStoreException: Couldn't get file lock.
2024-07-02 00:00:10,511 [ERROR] LogOutputStream:75 - [STDERR_REDIRECT] 
2024-07-02 00:00:40,437 [ERROR] LogOutputStream:75 - [STDERR_REDIRECT] Jul 02, 2024 12:00:40 AM java.util.prefs.FileSystemPreferences checkLockFile0ErrorCode
2024-07-02 00:00:40,437 [ERROR] LogOutputStream:75 - [STDERR_REDIRECT] WARNING: Could not lock System prefs. Unix error code 5.
2024-07-02 00:00:40,437 [ERROR] LogOutputStream:75 - [STDERR_REDIRECT] 
2024-07-02 00:00:40,438 [ERROR] LogOutputStream:75 - [STDERR_REDIRECT] Jul 02, 2024 12:00:40 AM java.util.prefs.FileSystemPreferences syncWorld
2024-07-02 00:00:40,438 [ERROR] LogOutputStream:75 - [STDERR_REDIRECT] WARNING: Couldn't flush system prefs: java.util.prefs.BackingStoreException: Couldn't get file lock.
2024-07-02 00:00:40,438 [ERROR] LogOutputStream:75 - [STDERR_REDIRECT] 
2024-07-02 00:01:10,438 [ERROR] LogOutputStream:75 - [STDERR_REDIRECT] Jul 02, 2024 12:01:10 AM java.util.prefs.FileSystemPreferences checkLockFile0ErrorCode
2024-07-02 00:01:10,438 [ERROR] LogOutputStream:75 - [STDERR_REDIRECT] WARNING: Could not lock System prefs. Unix error code 5.
2024-07-02 00:01:10,438 [ERROR] LogOutputStream:75 - [STDERR_REDIRECT] 
2024-07-02 00:01:10,438 [ERROR] LogOutputStream:75 - [STDERR_REDIRECT] Jul 02, 2024 12:01:10 AM java.util.prefs.FileSystemPreferences syncWorld
2024-07-02 00:01:10,438 [ERROR] LogOutputStream:75 - [STDERR_REDIRECT] WARNING: Couldn't flush system prefs: java.util.prefs.BackingStoreException: Couldn't get file lock.
2024-07-02 00:01:10,439 [ERROR] LogOutputStream:75 - [STDERR_REDIRECT] 
2024-07-02 00:01:40,437 [ERROR] LogOutputStream:75 - [STDERR_REDIRECT] Jul 02, 2024 12:01:40 AM java.util.prefs.FileSystemPreferences checkLockFile0ErrorCode
2024-07-02 00:01:40,437 [ERROR] LogOutputStream:75 - [STDERR_REDIRECT] WARNING: Could not lock System prefs. Unix error code 5.
2024-07-02 00:01:40,437 [ERROR] LogOutputStream:75 - [STDERR_REDIRECT] 
2024-07-02 00:01:40,438 [ERROR] LogOutputStream:75 - [STDERR_REDIRECT] Jul 02, 2024 12:01:40 AM java.util.prefs.FileSystemPreferences syncWorld
2024-07-02 00:01:40,438 [ERROR] LogOutputStream:75 - [STDERR_REDIRECT] WARNING: Couldn't flush system prefs: java.util.prefs.BackingStoreException: Couldn't get file lock.
2024-07-02 00:01:40,438 [ERROR] LogOutputStream:75 - [STDERR_REDIRECT] 
2024-07-02 00:02:10,437 [ERROR] LogOutputStream:75 - [STDERR_REDIRECT] Jul 02, 2024 12:02:10 AM java.util.prefs.FileSystemPreferences checkLockFile0ErrorCode
2024-07-02 00:02:10,438 [ERROR] LogOutputStream:75 - [STDERR_REDIRECT] WARNING: Could not lock System prefs. Unix error code 5.
2024-07-02 00:02:10,438 [ERROR] LogOutputStream:75 - [STDERR_REDIRECT] 
2024-07-02 00:02:10,438 [ERROR] LogOutputStream:75 - [STDERR_REDIRECT] Jul 02, 2024 12:02:10 AM java.util.prefs.FileSystemPreferences syncWorld
2024-07-02 00:02:10,438 [ERROR] LogOutputStream:75 - [STDERR_REDIRECT] WARNING: Couldn't flush system prefs: java.util.prefs.BackingStoreException: Couldn't get file lock.
2024-07-02 00:02:10,438 [ERROR] LogOutputStream:75 - [STDERR_REDIRECT] 
2024-07-02 00:02:40,438 [ERROR] LogOutputStream:75 - [STDERR_REDIRECT] Jul 02, 2024 12:02:40 AM java.util.prefs.FileSystemPreferences checkLockFile0ErrorCode
2024-07-02 00:02:40,438 [ERROR] LogOutputStream:75 - [STDERR_REDIRECT] WARNING: Could not lock System prefs. Unix error code 5.
2024-07-02 00:02:40,438 [ERROR] LogOutputStream:75 - [STDERR_REDIRECT] 
2024-07-02 00:02:40,438 [ERROR] LogOutputStream:75 - [STDERR_REDIRECT] Jul 02, 2024 12:02:40 AM java.util.prefs.FileSystemPreferences syncWorld
2024-07-02 00:02:40,438 [ERROR] LogOutputStream:75 - [STDERR_REDIRECT] WARNING: Couldn't flush system prefs: java.util.prefs.BackingStoreException: Couldn't get file lock.
2024-07-02 00:02:40,438 [ERROR] LogOutputStream:75 - [STDERR_REDIRECT] 
2024-07-02 00:03:10,474 [ERROR] LogOutputStream:75 - [STDERR_REDIRECT] Jul 02, 2024 12:03:10 AM java.util.prefs.FileSystemPreferences checkLockFile0ErrorCode
2024-07-02 00:03:10,602 [ERROR] LogOutputStream:75 - [STDERR_REDIRECT] WARNING: Could not lock System prefs. Unix error code 5.
2024-07-02 00:03:10,603 [ERROR] LogOutputStream:75 - [STDERR_REDIRECT] 
2024-07-02 00:03:10,603 [ERROR] LogOutputStream:75 - [STDERR_REDIRECT] Jul 02, 2024 12:03:10 AM java.util.prefs.FileSystemPreferences syncWorld
2024-07-02 00:03:10,603 [ERROR] LogOutputStream:75 - [STDERR_REDIRECT] WARNING: Couldn't flush system prefs: java.util.prefs.BackingStoreException: Couldn't get file lock.
2024-07-02 00:03:10,603 [ERROR] LogOutputStream:75 - [STDERR_REDIRECT] 
2024-07-02 00:03:40,439 [ERROR] LogOutputStream:75 - [STDERR_REDIRECT] Jul 02, 2024 12:03:40 AM java.util.prefs.FileSystemPreferences checkLockFile0ErrorCode
2024-07-02 00:03:40,439 [ERROR] LogOutputStream:75 - [STDERR_REDIRECT] WARNING: Could not lock System prefs. Unix error code 5.
2024-07-02 00:03:40,439 [ERROR] LogOutputStream:75 - [STDERR_REDIRECT] 
2024-07-02 00:03:40,439 [ERROR] LogOutputStream:75 - [STDERR_REDIRECT] Jul 02, 2024 12:03:40 AM java.util.prefs.FileSystemPreferences syncWorld
2024-07-02 00:03:40,440 [ERROR] LogOutputStream:75 - [STDERR_REDIRECT] WARNING: Couldn't flush system prefs: java.util.prefs.BackingStoreException: Couldn't get file lock.
2024-07-02 00:03:40,440 [ERROR] LogOutputStream:75 - [STDERR_REDIRECT] 
2024-07-02 00:04:10,438 [ERROR] LogOutputStream:75 - [STDERR_REDIRECT] Jul 02, 2024 12:04:10 AM java.util.prefs.FileSystemPreferences checkLockFile0ErrorCode
2024-07-02 00:04:10,438 [ERROR] LogOutputStream:75 - [STDERR_REDIRECT] WARNING: Could not lock System prefs. Unix error code 5.
2024-07-02 00:04:10,438 [ERROR] LogOutputStream:75 - [STDERR_REDIRECT] 
2024-07-02 00:04:10,439 [ERROR] LogOutputStream:75 - [STDERR_REDIRECT] Jul 02, 2024 12:04:10 AM java.util.prefs.FileSystemPreferences syncWorld
2024-07-02 00:04:10,439 [ERROR] LogOutputStream:75 - [STDERR_REDIRECT] WARNING: Couldn't flush system prefs: java.util.prefs.BackingStoreException: Couldn't get file lock.
2024-07-02 00:04:10,439 [ERROR] LogOutputStream:75 - [STDERR_REDIRECT] 
2024-07-02 00:04:21,030 [ERROR] LogOutputStream:75 - [STDERR_REDIRECT] 
