2024-07-12 01:18:08,147 [INFO] Activator:176 - 


2024-07-12 01:18:08,162 [INFO] Activator:177 - !SESSION log4j initialized
2024-07-12 01:18:20,417 [INFO] LogOutputStream:77 - [STDOUT_REDIRECT] 
2024-07-12 01:18:31,332 [ERROR] LogOutputStream:75 - [STDERR_REDIRECT] java.net.URISyntaxException: Illegal character in path at index 29: file:/home/ubuntu/Desktop/MSc in Embedded Systems/2. Programación de Microcontroladores (PdM)/PdM_VAZQUEZ_workspace/.metadata/.log4j2.xml
2024-07-12 01:18:31,332 [ERROR] LogOutputStream:75 - [STDERR_REDIRECT] 	at java.base/java.net.URI$Parser.fail(URI.java:2976)
2024-07-12 01:18:31,333 [ERROR] LogOutputStream:75 - [STDERR_REDIRECT] 	at java.base/java.net.URI$Parser.checkChars(URI.java:3147)
2024-07-12 01:18:31,334 [ERROR] LogOutputStream:75 - [STDERR_REDIRECT] 	at java.base/java.net.URI$Parser.parseHierarchical(URI.java:3229)
2024-07-12 01:18:31,334 [ERROR] LogOutputStream:75 - [STDERR_REDIRECT] 	at java.base/java.net.URI$Parser.parse(URI.java:3177)
2024-07-12 01:18:31,334 [ERROR] LogOutputStream:75 - [STDERR_REDIRECT] 	at java.base/java.net.URI.<init>(URI.java:623)
2024-07-12 01:18:31,335 [ERROR] LogOutputStream:75 - [STDERR_REDIRECT] 	at java.base/java.net.URL.toURI(URL.java:1056)
2024-07-12 01:18:31,335 [ERROR] LogOutputStream:75 - [STDERR_REDIRECT] 	at com.st.stm32cube.common.mx.core.CubeMxInstance.getInstance(CubeMxInstance.java:81)
2024-07-12 01:18:31,335 [ERROR] LogOutputStream:75 - [STDERR_REDIRECT] 	at com.st.stm32cube.common.mx.userauth.UserAuthAdapter.<init>(UserAuthAdapter.java:25)
2024-07-12 01:18:31,336 [ERROR] LogOutputStream:75 - [STDERR_REDIRECT] 	at com.st.stm32cube.common.mx.userauth.UserAuthProvider.getUserAuthAdapter(UserAuthProvider.java:16)
2024-07-12 01:18:31,336 [ERROR] LogOutputStream:75 - [STDERR_REDIRECT] 	at com.st.stm32cube.common.ecosystemintegration.ui.core.MCUEcoSystemIntegrationUiHelper.getUserAuth(MCUEcoSystemIntegrationUiHelper.java:100)
2024-07-12 01:18:31,337 [ERROR] LogOutputStream:75 - [STDERR_REDIRECT] 	at com.st.stm32cube.ide.mcu.userauth.UserAuthStartup.earlyStartup(UserAuthStartup.java:41)
2024-07-12 01:18:31,337 [ERROR] LogOutputStream:75 - [STDERR_REDIRECT] 	at org.eclipse.ui.internal.EarlyStartupRunnable.runEarlyStartup(EarlyStartupRunnable.java:79)
2024-07-12 01:18:31,337 [ERROR] LogOutputStream:75 - [STDERR_REDIRECT] 	at org.eclipse.ui.internal.EarlyStartupRunnable.run(EarlyStartupRunnable.java:55)
2024-07-12 01:18:31,338 [ERROR] LogOutputStream:75 - [STDERR_REDIRECT] 	at org.eclipse.core.runtime.SafeRunner.run(SafeRunner.java:47)
2024-07-12 01:18:31,338 [ERROR] LogOutputStream:75 - [STDERR_REDIRECT] 	at org.eclipse.ui.internal.Workbench$39.run(Workbench.java:2762)
2024-07-12 01:18:31,338 [ERROR] LogOutputStream:75 - [STDERR_REDIRECT] 	at org.eclipse.core.internal.jobs.Worker.run(Worker.java:63)
2024-07-12 01:18:40,932 [ERROR] LogOutputStream:75 - [STDERR_REDIRECT] Jul 12, 2024 1:18:40 AM java.util.prefs.FileSystemPreferences$2 run
2024-07-12 01:18:40,932 [ERROR] LogOutputStream:75 - [STDERR_REDIRECT] WARNING: Could not create system preferences directory. System preferences are unusable.
2024-07-12 01:18:40,932 [ERROR] LogOutputStream:75 - [STDERR_REDIRECT] 
2024-07-12 01:18:46,894 [INFO] LogOutputStream:77 - [STDOUT_REDIRECT] 1 : Invalid condition id : UX_CORESTACK_Condition cause : null
2024-07-12 01:18:46,895 [INFO] LogOutputStream:77 - [STDOUT_REDIRECT] 1 : Invalid condition id : UX_CORESTACK_Condition cause : null
2024-07-12 01:18:46,896 [INFO] LogOutputStream:77 - [STDOUT_REDIRECT] 1 : Invalid condition id : UX_CORESTACK_Condition cause : null
2024-07-12 01:18:46,896 [INFO] LogOutputStream:77 - [STDOUT_REDIRECT] 1 : Invalid condition id : UX_CORESTACK_Condition cause : null
2024-07-12 01:18:46,896 [INFO] LogOutputStream:77 - [STDOUT_REDIRECT] 1 : Invalid condition id : UX_CORESTACK_Condition cause : null
2024-07-12 01:19:10,578 [ERROR] LogOutputStream:75 - [STDERR_REDIRECT] Jul 12, 2024 1:19:10 AM java.util.prefs.FileSystemPreferences checkLockFile0ErrorCode
2024-07-12 01:19:10,579 [ERROR] LogOutputStream:75 - [STDERR_REDIRECT] WARNING: Could not lock System prefs. Unix error code 32733.
2024-07-12 01:19:10,579 [ERROR] LogOutputStream:75 - [STDERR_REDIRECT] 
2024-07-12 01:19:10,580 [ERROR] LogOutputStream:75 - [STDERR_REDIRECT] Jul 12, 2024 1:19:10 AM java.util.prefs.FileSystemPreferences syncWorld
2024-07-12 01:19:10,580 [ERROR] LogOutputStream:75 - [STDERR_REDIRECT] WARNING: Couldn't flush system prefs: java.util.prefs.BackingStoreException: Couldn't get file lock.
2024-07-12 01:19:10,581 [ERROR] LogOutputStream:75 - [STDERR_REDIRECT] 
2024-07-12 01:19:40,578 [ERROR] LogOutputStream:75 - [STDERR_REDIRECT] Jul 12, 2024 1:19:40 AM java.util.prefs.FileSystemPreferences checkLockFile0ErrorCode
2024-07-12 01:19:40,579 [ERROR] LogOutputStream:75 - [STDERR_REDIRECT] WARNING: Could not lock System prefs. Unix error code 32733.
2024-07-12 01:19:40,579 [ERROR] LogOutputStream:75 - [STDERR_REDIRECT] 
2024-07-12 01:19:40,581 [ERROR] LogOutputStream:75 - [STDERR_REDIRECT] Jul 12, 2024 1:19:40 AM java.util.prefs.FileSystemPreferences syncWorld
2024-07-12 01:19:40,583 [ERROR] LogOutputStream:75 - [STDERR_REDIRECT] WARNING: Couldn't flush system prefs: java.util.prefs.BackingStoreException: Couldn't get file lock.
2024-07-12 01:19:40,584 [ERROR] LogOutputStream:75 - [STDERR_REDIRECT] 
2024-07-12 01:20:10,582 [ERROR] LogOutputStream:75 - [STDERR_REDIRECT] Jul 12, 2024 1:20:10 AM java.util.prefs.FileSystemPreferences checkLockFile0ErrorCode
2024-07-12 01:20:10,584 [ERROR] LogOutputStream:75 - [STDERR_REDIRECT] WARNING: Could not lock System prefs. Unix error code 32733.
2024-07-12 01:20:10,585 [ERROR] LogOutputStream:75 - [STDERR_REDIRECT] 
2024-07-12 01:20:10,588 [ERROR] LogOutputStream:75 - [STDERR_REDIRECT] Jul 12, 2024 1:20:10 AM java.util.prefs.FileSystemPreferences syncWorld
2024-07-12 01:20:10,589 [ERROR] LogOutputStream:75 - [STDERR_REDIRECT] WARNING: Couldn't flush system prefs: java.util.prefs.BackingStoreException: Couldn't get file lock.
2024-07-12 01:20:10,591 [ERROR] LogOutputStream:75 - [STDERR_REDIRECT] 
2024-07-12 01:20:40,596 [ERROR] LogOutputStream:75 - [STDERR_REDIRECT] Jul 12, 2024 1:20:40 AM java.util.prefs.FileSystemPreferences checkLockFile0ErrorCode
2024-07-12 01:20:40,597 [ERROR] LogOutputStream:75 - [STDERR_REDIRECT] WARNING: Could not lock System prefs. Unix error code 32733.
2024-07-12 01:20:40,597 [ERROR] LogOutputStream:75 - [STDERR_REDIRECT] 
2024-07-12 01:20:40,598 [ERROR] LogOutputStream:75 - [STDERR_REDIRECT] Jul 12, 2024 1:20:40 AM java.util.prefs.FileSystemPreferences syncWorld
2024-07-12 01:20:40,599 [ERROR] LogOutputStream:75 - [STDERR_REDIRECT] WARNING: Couldn't flush system prefs: java.util.prefs.BackingStoreException: Couldn't get file lock.
2024-07-12 01:20:40,599 [ERROR] LogOutputStream:75 - [STDERR_REDIRECT] 
2024-07-12 01:21:10,595 [ERROR] LogOutputStream:75 - [STDERR_REDIRECT] Jul 12, 2024 1:21:10 AM java.util.prefs.FileSystemPreferences checkLockFile0ErrorCode
2024-07-12 01:21:10,595 [ERROR] LogOutputStream:75 - [STDERR_REDIRECT] WARNING: Could not lock System prefs. Unix error code 32733.
2024-07-12 01:21:10,596 [ERROR] LogOutputStream:75 - [STDERR_REDIRECT] 
2024-07-12 01:21:10,597 [ERROR] LogOutputStream:75 - [STDERR_REDIRECT] Jul 12, 2024 1:21:10 AM java.util.prefs.FileSystemPreferences syncWorld
2024-07-12 01:21:10,597 [ERROR] LogOutputStream:75 - [STDERR_REDIRECT] WARNING: Couldn't flush system prefs: java.util.prefs.BackingStoreException: Couldn't get file lock.
2024-07-12 01:21:10,597 [ERROR] LogOutputStream:75 - [STDERR_REDIRECT] 
2024-07-12 01:21:40,594 [ERROR] LogOutputStream:75 - [STDERR_REDIRECT] Jul 12, 2024 1:21:40 AM java.util.prefs.FileSystemPreferences checkLockFile0ErrorCode
2024-07-12 01:21:40,595 [ERROR] LogOutputStream:75 - [STDERR_REDIRECT] WARNING: Could not lock System prefs. Unix error code 32733.
2024-07-12 01:21:40,595 [ERROR] LogOutputStream:75 - [STDERR_REDIRECT] 
2024-07-12 01:21:40,596 [ERROR] LogOutputStream:75 - [STDERR_REDIRECT] Jul 12, 2024 1:21:40 AM java.util.prefs.FileSystemPreferences syncWorld
2024-07-12 01:21:40,596 [ERROR] LogOutputStream:75 - [STDERR_REDIRECT] WARNING: Couldn't flush system prefs: java.util.prefs.BackingStoreException: Couldn't get file lock.
2024-07-12 01:21:40,596 [ERROR] LogOutputStream:75 - [STDERR_REDIRECT] 
2024-07-12 01:22:10,594 [ERROR] LogOutputStream:75 - [STDERR_REDIRECT] Jul 12, 2024 1:22:10 AM java.util.prefs.FileSystemPreferences checkLockFile0ErrorCode
2024-07-12 01:22:10,595 [ERROR] LogOutputStream:75 - [STDERR_REDIRECT] WARNING: Could not lock System prefs. Unix error code 32733.
2024-07-12 01:22:10,595 [ERROR] LogOutputStream:75 - [STDERR_REDIRECT] 
2024-07-12 01:22:10,596 [ERROR] LogOutputStream:75 - [STDERR_REDIRECT] Jul 12, 2024 1:22:10 AM java.util.prefs.FileSystemPreferences syncWorld
2024-07-12 01:22:10,597 [ERROR] LogOutputStream:75 - [STDERR_REDIRECT] WARNING: Couldn't flush system prefs: java.util.prefs.BackingStoreException: Couldn't get file lock.
2024-07-12 01:22:10,598 [ERROR] LogOutputStream:75 - [STDERR_REDIRECT] 
2024-07-12 01:22:40,595 [ERROR] LogOutputStream:75 - [STDERR_REDIRECT] Jul 12, 2024 1:22:40 AM java.util.prefs.FileSystemPreferences checkLockFile0ErrorCode
2024-07-12 01:22:40,596 [ERROR] LogOutputStream:75 - [STDERR_REDIRECT] WARNING: Could not lock System prefs. Unix error code 32733.
2024-07-12 01:22:40,596 [ERROR] LogOutputStream:75 - [STDERR_REDIRECT] 
2024-07-12 01:22:40,596 [ERROR] LogOutputStream:75 - [STDERR_REDIRECT] Jul 12, 2024 1:22:40 AM java.util.prefs.FileSystemPreferences syncWorld
2024-07-12 01:22:40,597 [ERROR] LogOutputStream:75 - [STDERR_REDIRECT] WARNING: Couldn't flush system prefs: java.util.prefs.BackingStoreException: Couldn't get file lock.
2024-07-12 01:22:40,597 [ERROR] LogOutputStream:75 - [STDERR_REDIRECT] 
2024-07-12 01:23:10,594 [ERROR] LogOutputStream:75 - [STDERR_REDIRECT] Jul 12, 2024 1:23:10 AM java.util.prefs.FileSystemPreferences checkLockFile0ErrorCode
2024-07-12 01:23:10,594 [ERROR] LogOutputStream:75 - [STDERR_REDIRECT] WARNING: Could not lock System prefs. Unix error code 32733.
2024-07-12 01:23:10,594 [ERROR] LogOutputStream:75 - [STDERR_REDIRECT] 
2024-07-12 01:23:10,595 [ERROR] LogOutputStream:75 - [STDERR_REDIRECT] Jul 12, 2024 1:23:10 AM java.util.prefs.FileSystemPreferences syncWorld
2024-07-12 01:23:10,595 [ERROR] LogOutputStream:75 - [STDERR_REDIRECT] WARNING: Couldn't flush system prefs: java.util.prefs.BackingStoreException: Couldn't get file lock.
2024-07-12 01:23:10,595 [ERROR] LogOutputStream:75 - [STDERR_REDIRECT] 
2024-07-12 01:23:40,596 [ERROR] LogOutputStream:75 - [STDERR_REDIRECT] Jul 12, 2024 1:23:40 AM java.util.prefs.FileSystemPreferences checkLockFile0ErrorCode
2024-07-12 01:23:40,598 [ERROR] LogOutputStream:75 - [STDERR_REDIRECT] WARNING: Could not lock System prefs. Unix error code 32733.
2024-07-12 01:23:40,599 [ERROR] LogOutputStream:75 - [STDERR_REDIRECT] 
2024-07-12 01:23:40,601 [ERROR] LogOutputStream:75 - [STDERR_REDIRECT] Jul 12, 2024 1:23:40 AM java.util.prefs.FileSystemPreferences syncWorld
2024-07-12 01:23:40,602 [ERROR] LogOutputStream:75 - [STDERR_REDIRECT] WARNING: Couldn't flush system prefs: java.util.prefs.BackingStoreException: Couldn't get file lock.
2024-07-12 01:23:40,603 [ERROR] LogOutputStream:75 - [STDERR_REDIRECT] 
2024-07-12 01:24:10,595 [ERROR] LogOutputStream:75 - [STDERR_REDIRECT] Jul 12, 2024 1:24:10 AM java.util.prefs.FileSystemPreferences checkLockFile0ErrorCode
2024-07-12 01:24:10,596 [ERROR] LogOutputStream:75 - [STDERR_REDIRECT] WARNING: Could not lock System prefs. Unix error code 32733.
2024-07-12 01:24:10,596 [ERROR] LogOutputStream:75 - [STDERR_REDIRECT] 
2024-07-12 01:24:10,597 [ERROR] LogOutputStream:75 - [STDERR_REDIRECT] Jul 12, 2024 1:24:10 AM java.util.prefs.FileSystemPreferences syncWorld
2024-07-12 01:24:10,598 [ERROR] LogOutputStream:75 - [STDERR_REDIRECT] WARNING: Couldn't flush system prefs: java.util.prefs.BackingStoreException: Couldn't get file lock.
2024-07-12 01:24:10,599 [ERROR] LogOutputStream:75 - [STDERR_REDIRECT] 
2024-07-12 01:24:40,594 [ERROR] LogOutputStream:75 - [STDERR_REDIRECT] Jul 12, 2024 1:24:40 AM java.util.prefs.FileSystemPreferences checkLockFile0ErrorCode
2024-07-12 01:24:40,595 [ERROR] LogOutputStream:75 - [STDERR_REDIRECT] WARNING: Could not lock System prefs. Unix error code 32733.
2024-07-12 01:24:40,596 [ERROR] LogOutputStream:75 - [STDERR_REDIRECT] 
2024-07-12 01:24:40,596 [ERROR] LogOutputStream:75 - [STDERR_REDIRECT] Jul 12, 2024 1:24:40 AM java.util.prefs.FileSystemPreferences syncWorld
2024-07-12 01:24:40,597 [ERROR] LogOutputStream:75 - [STDERR_REDIRECT] WARNING: Couldn't flush system prefs: java.util.prefs.BackingStoreException: Couldn't get file lock.
2024-07-12 01:24:40,597 [ERROR] LogOutputStream:75 - [STDERR_REDIRECT] 
2024-07-12 01:25:10,595 [ERROR] LogOutputStream:75 - [STDERR_REDIRECT] Jul 12, 2024 1:25:10 AM java.util.prefs.FileSystemPreferences checkLockFile0ErrorCode
2024-07-12 01:25:10,595 [ERROR] LogOutputStream:75 - [STDERR_REDIRECT] WARNING: Could not lock System prefs. Unix error code 32733.
2024-07-12 01:25:10,595 [ERROR] LogOutputStream:75 - [STDERR_REDIRECT] 
2024-07-12 01:25:10,596 [ERROR] LogOutputStream:75 - [STDERR_REDIRECT] Jul 12, 2024 1:25:10 AM java.util.prefs.FileSystemPreferences syncWorld
2024-07-12 01:25:10,596 [ERROR] LogOutputStream:75 - [STDERR_REDIRECT] WARNING: Couldn't flush system prefs: java.util.prefs.BackingStoreException: Couldn't get file lock.
2024-07-12 01:25:10,596 [ERROR] LogOutputStream:75 - [STDERR_REDIRECT] 
2024-07-12 01:25:40,595 [ERROR] LogOutputStream:75 - [STDERR_REDIRECT] Jul 12, 2024 1:25:40 AM java.util.prefs.FileSystemPreferences checkLockFile0ErrorCode
2024-07-12 01:25:40,596 [ERROR] LogOutputStream:75 - [STDERR_REDIRECT] WARNING: Could not lock System prefs. Unix error code 32733.
2024-07-12 01:25:40,596 [ERROR] LogOutputStream:75 - [STDERR_REDIRECT] 
2024-07-12 01:25:40,597 [ERROR] LogOutputStream:75 - [STDERR_REDIRECT] Jul 12, 2024 1:25:40 AM java.util.prefs.FileSystemPreferences syncWorld
2024-07-12 01:25:40,597 [ERROR] LogOutputStream:75 - [STDERR_REDIRECT] WARNING: Couldn't flush system prefs: java.util.prefs.BackingStoreException: Couldn't get file lock.
2024-07-12 01:25:40,598 [ERROR] LogOutputStream:75 - [STDERR_REDIRECT] 
2024-07-12 01:26:10,594 [ERROR] LogOutputStream:75 - [STDERR_REDIRECT] Jul 12, 2024 1:26:10 AM java.util.prefs.FileSystemPreferences checkLockFile0ErrorCode
2024-07-12 01:26:10,594 [ERROR] LogOutputStream:75 - [STDERR_REDIRECT] WARNING: Could not lock System prefs. Unix error code 32733.
2024-07-12 01:26:10,594 [ERROR] LogOutputStream:75 - [STDERR_REDIRECT] 
2024-07-12 01:26:10,595 [ERROR] LogOutputStream:75 - [STDERR_REDIRECT] Jul 12, 2024 1:26:10 AM java.util.prefs.FileSystemPreferences syncWorld
2024-07-12 01:26:10,595 [ERROR] LogOutputStream:75 - [STDERR_REDIRECT] WARNING: Couldn't flush system prefs: java.util.prefs.BackingStoreException: Couldn't get file lock.
2024-07-12 01:26:10,595 [ERROR] LogOutputStream:75 - [STDERR_REDIRECT] 
2024-07-12 01:26:40,595 [ERROR] LogOutputStream:75 - [STDERR_REDIRECT] Jul 12, 2024 1:26:40 AM java.util.prefs.FileSystemPreferences checkLockFile0ErrorCode
2024-07-12 01:26:40,595 [ERROR] LogOutputStream:75 - [STDERR_REDIRECT] WARNING: Could not lock System prefs. Unix error code 32733.
2024-07-12 01:26:40,596 [ERROR] LogOutputStream:75 - [STDERR_REDIRECT] 
2024-07-12 01:26:40,597 [ERROR] LogOutputStream:75 - [STDERR_REDIRECT] Jul 12, 2024 1:26:40 AM java.util.prefs.FileSystemPreferences syncWorld
2024-07-12 01:26:40,597 [ERROR] LogOutputStream:75 - [STDERR_REDIRECT] WARNING: Couldn't flush system prefs: java.util.prefs.BackingStoreException: Couldn't get file lock.
2024-07-12 01:26:40,598 [ERROR] LogOutputStream:75 - [STDERR_REDIRECT] 
2024-07-12 01:27:10,594 [ERROR] LogOutputStream:75 - [STDERR_REDIRECT] Jul 12, 2024 1:27:10 AM java.util.prefs.FileSystemPreferences checkLockFile0ErrorCode
2024-07-12 01:27:10,595 [ERROR] LogOutputStream:75 - [STDERR_REDIRECT] WARNING: Could not lock System prefs. Unix error code 32733.
2024-07-12 01:27:10,596 [ERROR] LogOutputStream:75 - [STDERR_REDIRECT] 
2024-07-12 01:27:10,597 [ERROR] LogOutputStream:75 - [STDERR_REDIRECT] Jul 12, 2024 1:27:10 AM java.util.prefs.FileSystemPreferences syncWorld
2024-07-12 01:27:10,597 [ERROR] LogOutputStream:75 - [STDERR_REDIRECT] WARNING: Couldn't flush system prefs: java.util.prefs.BackingStoreException: Couldn't get file lock.
2024-07-12 01:27:10,598 [ERROR] LogOutputStream:75 - [STDERR_REDIRECT] 
2024-07-12 01:27:40,595 [ERROR] LogOutputStream:75 - [STDERR_REDIRECT] Jul 12, 2024 1:27:40 AM java.util.prefs.FileSystemPreferences checkLockFile0ErrorCode
2024-07-12 01:27:40,596 [ERROR] LogOutputStream:75 - [STDERR_REDIRECT] WARNING: Could not lock System prefs. Unix error code 32733.
2024-07-12 01:27:40,596 [ERROR] LogOutputStream:75 - [STDERR_REDIRECT] 
2024-07-12 01:27:40,597 [ERROR] LogOutputStream:75 - [STDERR_REDIRECT] Jul 12, 2024 1:27:40 AM java.util.prefs.FileSystemPreferences syncWorld
2024-07-12 01:27:40,598 [ERROR] LogOutputStream:75 - [STDERR_REDIRECT] WARNING: Couldn't flush system prefs: java.util.prefs.BackingStoreException: Couldn't get file lock.
2024-07-12 01:27:40,598 [ERROR] LogOutputStream:75 - [STDERR_REDIRECT] 
2024-07-12 01:28:10,594 [ERROR] LogOutputStream:75 - [STDERR_REDIRECT] Jul 12, 2024 1:28:10 AM java.util.prefs.FileSystemPreferences checkLockFile0ErrorCode
2024-07-12 01:28:10,595 [ERROR] LogOutputStream:75 - [STDERR_REDIRECT] WARNING: Could not lock System prefs. Unix error code 32733.
2024-07-12 01:28:10,595 [ERROR] LogOutputStream:75 - [STDERR_REDIRECT] 
2024-07-12 01:28:10,596 [ERROR] LogOutputStream:75 - [STDERR_REDIRECT] Jul 12, 2024 1:28:10 AM java.util.prefs.FileSystemPreferences syncWorld
2024-07-12 01:28:10,596 [ERROR] LogOutputStream:75 - [STDERR_REDIRECT] WARNING: Couldn't flush system prefs: java.util.prefs.BackingStoreException: Couldn't get file lock.
2024-07-12 01:28:10,596 [ERROR] LogOutputStream:75 - [STDERR_REDIRECT] 
2024-07-12 01:28:40,595 [ERROR] LogOutputStream:75 - [STDERR_REDIRECT] Jul 12, 2024 1:28:40 AM java.util.prefs.FileSystemPreferences checkLockFile0ErrorCode
2024-07-12 01:28:40,596 [ERROR] LogOutputStream:75 - [STDERR_REDIRECT] WARNING: Could not lock System prefs. Unix error code 32733.
2024-07-12 01:28:40,597 [ERROR] LogOutputStream:75 - [STDERR_REDIRECT] 
2024-07-12 01:28:40,597 [ERROR] LogOutputStream:75 - [STDERR_REDIRECT] Jul 12, 2024 1:28:40 AM java.util.prefs.FileSystemPreferences syncWorld
2024-07-12 01:28:40,598 [ERROR] LogOutputStream:75 - [STDERR_REDIRECT] WARNING: Couldn't flush system prefs: java.util.prefs.BackingStoreException: Couldn't get file lock.
2024-07-12 01:28:40,598 [ERROR] LogOutputStream:75 - [STDERR_REDIRECT] 
2024-07-12 01:29:10,594 [ERROR] LogOutputStream:75 - [STDERR_REDIRECT] Jul 12, 2024 1:29:10 AM java.util.prefs.FileSystemPreferences checkLockFile0ErrorCode
2024-07-12 01:29:10,594 [ERROR] LogOutputStream:75 - [STDERR_REDIRECT] WARNING: Could not lock System prefs. Unix error code 32733.
2024-07-12 01:29:10,595 [ERROR] LogOutputStream:75 - [STDERR_REDIRECT] 
2024-07-12 01:29:10,595 [ERROR] LogOutputStream:75 - [STDERR_REDIRECT] Jul 12, 2024 1:29:10 AM java.util.prefs.FileSystemPreferences syncWorld
2024-07-12 01:29:10,596 [ERROR] LogOutputStream:75 - [STDERR_REDIRECT] WARNING: Couldn't flush system prefs: java.util.prefs.BackingStoreException: Couldn't get file lock.
2024-07-12 01:29:10,596 [ERROR] LogOutputStream:75 - [STDERR_REDIRECT] 
2024-07-12 01:29:40,594 [ERROR] LogOutputStream:75 - [STDERR_REDIRECT] Jul 12, 2024 1:29:40 AM java.util.prefs.FileSystemPreferences checkLockFile0ErrorCode
2024-07-12 01:29:40,595 [ERROR] LogOutputStream:75 - [STDERR_REDIRECT] WARNING: Could not lock System prefs. Unix error code 32733.
2024-07-12 01:29:40,595 [ERROR] LogOutputStream:75 - [STDERR_REDIRECT] 
2024-07-12 01:29:40,596 [ERROR] LogOutputStream:75 - [STDERR_REDIRECT] Jul 12, 2024 1:29:40 AM java.util.prefs.FileSystemPreferences syncWorld
2024-07-12 01:29:40,596 [ERROR] LogOutputStream:75 - [STDERR_REDIRECT] WARNING: Couldn't flush system prefs: java.util.prefs.BackingStoreException: Couldn't get file lock.
2024-07-12 01:29:40,596 [ERROR] LogOutputStream:75 - [STDERR_REDIRECT] 
2024-07-12 01:30:10,660 [ERROR] LogOutputStream:75 - [STDERR_REDIRECT] Jul 12, 2024 1:30:10 AM java.util.prefs.FileSystemPreferences checkLockFile0ErrorCode
2024-07-12 01:30:10,724 [ERROR] LogOutputStream:75 - [STDERR_REDIRECT] WARNING: Could not lock System prefs. Unix error code 32733.
2024-07-12 01:30:10,724 [ERROR] LogOutputStream:75 - [STDERR_REDIRECT] 
2024-07-12 01:30:10,725 [ERROR] LogOutputStream:75 - [STDERR_REDIRECT] Jul 12, 2024 1:30:10 AM java.util.prefs.FileSystemPreferences syncWorld
2024-07-12 01:30:10,725 [ERROR] LogOutputStream:75 - [STDERR_REDIRECT] WARNING: Couldn't flush system prefs: java.util.prefs.BackingStoreException: Couldn't get file lock.
2024-07-12 01:30:10,725 [ERROR] LogOutputStream:75 - [STDERR_REDIRECT] 
2024-07-12 01:30:40,600 [ERROR] LogOutputStream:75 - [STDERR_REDIRECT] Jul 12, 2024 1:30:40 AM java.util.prefs.FileSystemPreferences checkLockFile0ErrorCode
2024-07-12 01:30:40,601 [ERROR] LogOutputStream:75 - [STDERR_REDIRECT] WARNING: Could not lock System prefs. Unix error code 32733.
2024-07-12 01:30:40,601 [ERROR] LogOutputStream:75 - [STDERR_REDIRECT] 
2024-07-12 01:30:40,601 [ERROR] LogOutputStream:75 - [STDERR_REDIRECT] Jul 12, 2024 1:30:40 AM java.util.prefs.FileSystemPreferences syncWorld
2024-07-12 01:30:40,602 [ERROR] LogOutputStream:75 - [STDERR_REDIRECT] WARNING: Couldn't flush system prefs: java.util.prefs.BackingStoreException: Couldn't get file lock.
2024-07-12 01:30:40,602 [ERROR] LogOutputStream:75 - [STDERR_REDIRECT] 
2024-07-12 01:31:10,595 [ERROR] LogOutputStream:75 - [STDERR_REDIRECT] Jul 12, 2024 1:31:10 AM java.util.prefs.FileSystemPreferences checkLockFile0ErrorCode
2024-07-12 01:31:10,595 [ERROR] LogOutputStream:75 - [STDERR_REDIRECT] WARNING: Could not lock System prefs. Unix error code 32733.
2024-07-12 01:31:10,595 [ERROR] LogOutputStream:75 - [STDERR_REDIRECT] 
2024-07-12 01:31:10,596 [ERROR] LogOutputStream:75 - [STDERR_REDIRECT] Jul 12, 2024 1:31:10 AM java.util.prefs.FileSystemPreferences syncWorld
2024-07-12 01:31:10,596 [ERROR] LogOutputStream:75 - [STDERR_REDIRECT] WARNING: Couldn't flush system prefs: java.util.prefs.BackingStoreException: Couldn't get file lock.
2024-07-12 01:31:10,596 [ERROR] LogOutputStream:75 - [STDERR_REDIRECT] 
2024-07-12 01:31:40,594 [ERROR] LogOutputStream:75 - [STDERR_REDIRECT] Jul 12, 2024 1:31:40 AM java.util.prefs.FileSystemPreferences checkLockFile0ErrorCode
2024-07-12 01:31:40,595 [ERROR] LogOutputStream:75 - [STDERR_REDIRECT] WARNING: Could not lock System prefs. Unix error code 32733.
2024-07-12 01:31:40,595 [ERROR] LogOutputStream:75 - [STDERR_REDIRECT] 
2024-07-12 01:31:40,596 [ERROR] LogOutputStream:75 - [STDERR_REDIRECT] Jul 12, 2024 1:31:40 AM java.util.prefs.FileSystemPreferences syncWorld
2024-07-12 01:31:40,596 [ERROR] LogOutputStream:75 - [STDERR_REDIRECT] WARNING: Couldn't flush system prefs: java.util.prefs.BackingStoreException: Couldn't get file lock.
2024-07-12 01:31:40,597 [ERROR] LogOutputStream:75 - [STDERR_REDIRECT] 
2024-07-12 01:32:10,594 [ERROR] LogOutputStream:75 - [STDERR_REDIRECT] Jul 12, 2024 1:32:10 AM java.util.prefs.FileSystemPreferences checkLockFile0ErrorCode
2024-07-12 01:32:10,595 [ERROR] LogOutputStream:75 - [STDERR_REDIRECT] WARNING: Could not lock System prefs. Unix error code 32733.
2024-07-12 01:32:10,595 [ERROR] LogOutputStream:75 - [STDERR_REDIRECT] 
2024-07-12 01:32:10,596 [ERROR] LogOutputStream:75 - [STDERR_REDIRECT] Jul 12, 2024 1:32:10 AM java.util.prefs.FileSystemPreferences syncWorld
2024-07-12 01:32:10,597 [ERROR] LogOutputStream:75 - [STDERR_REDIRECT] WARNING: Couldn't flush system prefs: java.util.prefs.BackingStoreException: Couldn't get file lock.
2024-07-12 01:32:10,597 [ERROR] LogOutputStream:75 - [STDERR_REDIRECT] 
2024-07-12 01:32:40,594 [ERROR] LogOutputStream:75 - [STDERR_REDIRECT] Jul 12, 2024 1:32:40 AM java.util.prefs.FileSystemPreferences checkLockFile0ErrorCode
2024-07-12 01:32:40,595 [ERROR] LogOutputStream:75 - [STDERR_REDIRECT] WARNING: Could not lock System prefs. Unix error code 32733.
2024-07-12 01:32:40,595 [ERROR] LogOutputStream:75 - [STDERR_REDIRECT] 
2024-07-12 01:32:40,596 [ERROR] LogOutputStream:75 - [STDERR_REDIRECT] Jul 12, 2024 1:32:40 AM java.util.prefs.FileSystemPreferences syncWorld
2024-07-12 01:32:40,596 [ERROR] LogOutputStream:75 - [STDERR_REDIRECT] WARNING: Couldn't flush system prefs: java.util.prefs.BackingStoreException: Couldn't get file lock.
2024-07-12 01:32:40,596 [ERROR] LogOutputStream:75 - [STDERR_REDIRECT] 
2024-07-12 01:33:10,594 [ERROR] LogOutputStream:75 - [STDERR_REDIRECT] Jul 12, 2024 1:33:10 AM java.util.prefs.FileSystemPreferences checkLockFile0ErrorCode
2024-07-12 01:33:10,594 [ERROR] LogOutputStream:75 - [STDERR_REDIRECT] WARNING: Could not lock System prefs. Unix error code 32733.
2024-07-12 01:33:10,595 [ERROR] LogOutputStream:75 - [STDERR_REDIRECT] 
2024-07-12 01:33:10,596 [ERROR] LogOutputStream:75 - [STDERR_REDIRECT] Jul 12, 2024 1:33:10 AM java.util.prefs.FileSystemPreferences syncWorld
2024-07-12 01:33:10,596 [ERROR] LogOutputStream:75 - [STDERR_REDIRECT] WARNING: Couldn't flush system prefs: java.util.prefs.BackingStoreException: Couldn't get file lock.
2024-07-12 01:33:10,597 [ERROR] LogOutputStream:75 - [STDERR_REDIRECT] 
2024-07-12 01:33:40,594 [ERROR] LogOutputStream:75 - [STDERR_REDIRECT] Jul 12, 2024 1:33:40 AM java.util.prefs.FileSystemPreferences checkLockFile0ErrorCode
2024-07-12 01:33:40,595 [ERROR] LogOutputStream:75 - [STDERR_REDIRECT] WARNING: Could not lock System prefs. Unix error code 32733.
2024-07-12 01:33:40,595 [ERROR] LogOutputStream:75 - [STDERR_REDIRECT] 
2024-07-12 01:33:40,595 [ERROR] LogOutputStream:75 - [STDERR_REDIRECT] Jul 12, 2024 1:33:40 AM java.util.prefs.FileSystemPreferences syncWorld
2024-07-12 01:33:40,596 [ERROR] LogOutputStream:75 - [STDERR_REDIRECT] WARNING: Couldn't flush system prefs: java.util.prefs.BackingStoreException: Couldn't get file lock.
2024-07-12 01:33:40,596 [ERROR] LogOutputStream:75 - [STDERR_REDIRECT] 
2024-07-12 01:34:10,595 [ERROR] LogOutputStream:75 - [STDERR_REDIRECT] Jul 12, 2024 1:34:10 AM java.util.prefs.FileSystemPreferences checkLockFile0ErrorCode
2024-07-12 01:34:10,595 [ERROR] LogOutputStream:75 - [STDERR_REDIRECT] WARNING: Could not lock System prefs. Unix error code 32733.
2024-07-12 01:34:10,659 [ERROR] LogOutputStream:75 - [STDERR_REDIRECT] 
2024-07-12 01:34:10,660 [ERROR] LogOutputStream:75 - [STDERR_REDIRECT] Jul 12, 2024 1:34:10 AM java.util.prefs.FileSystemPreferences syncWorld
2024-07-12 01:34:10,660 [ERROR] LogOutputStream:75 - [STDERR_REDIRECT] WARNING: Couldn't flush system prefs: java.util.prefs.BackingStoreException: Couldn't get file lock.
2024-07-12 01:34:10,660 [ERROR] LogOutputStream:75 - [STDERR_REDIRECT] 
2024-07-12 01:34:40,595 [ERROR] LogOutputStream:75 - [STDERR_REDIRECT] Jul 12, 2024 1:34:40 AM java.util.prefs.FileSystemPreferences checkLockFile0ErrorCode
2024-07-12 01:34:40,595 [ERROR] LogOutputStream:75 - [STDERR_REDIRECT] WARNING: Could not lock System prefs. Unix error code 32733.
2024-07-12 01:34:40,596 [ERROR] LogOutputStream:75 - [STDERR_REDIRECT] 
2024-07-12 01:34:40,596 [ERROR] LogOutputStream:75 - [STDERR_REDIRECT] Jul 12, 2024 1:34:40 AM java.util.prefs.FileSystemPreferences syncWorld
2024-07-12 01:34:40,597 [ERROR] LogOutputStream:75 - [STDERR_REDIRECT] WARNING: Couldn't flush system prefs: java.util.prefs.BackingStoreException: Couldn't get file lock.
2024-07-12 01:34:40,597 [ERROR] LogOutputStream:75 - [STDERR_REDIRECT] 
2024-07-12 01:35:10,594 [ERROR] LogOutputStream:75 - [STDERR_REDIRECT] Jul 12, 2024 1:35:10 AM java.util.prefs.FileSystemPreferences checkLockFile0ErrorCode
2024-07-12 01:35:10,595 [ERROR] LogOutputStream:75 - [STDERR_REDIRECT] WARNING: Could not lock System prefs. Unix error code 32733.
2024-07-12 01:35:10,595 [ERROR] LogOutputStream:75 - [STDERR_REDIRECT] 
2024-07-12 01:35:10,595 [ERROR] LogOutputStream:75 - [STDERR_REDIRECT] Jul 12, 2024 1:35:10 AM java.util.prefs.FileSystemPreferences syncWorld
2024-07-12 01:35:10,595 [ERROR] LogOutputStream:75 - [STDERR_REDIRECT] WARNING: Couldn't flush system prefs: java.util.prefs.BackingStoreException: Couldn't get file lock.
2024-07-12 01:35:10,595 [ERROR] LogOutputStream:75 - [STDERR_REDIRECT] 
2024-07-12 01:35:40,594 [ERROR] LogOutputStream:75 - [STDERR_REDIRECT] Jul 12, 2024 1:35:40 AM java.util.prefs.FileSystemPreferences checkLockFile0ErrorCode
2024-07-12 01:35:40,595 [ERROR] LogOutputStream:75 - [STDERR_REDIRECT] WARNING: Could not lock System prefs. Unix error code 32733.
2024-07-12 01:35:40,595 [ERROR] LogOutputStream:75 - [STDERR_REDIRECT] 
2024-07-12 01:35:40,595 [ERROR] LogOutputStream:75 - [STDERR_REDIRECT] Jul 12, 2024 1:35:40 AM java.util.prefs.FileSystemPreferences syncWorld
2024-07-12 01:35:40,596 [ERROR] LogOutputStream:75 - [STDERR_REDIRECT] WARNING: Couldn't flush system prefs: java.util.prefs.BackingStoreException: Couldn't get file lock.
2024-07-12 01:35:40,596 [ERROR] LogOutputStream:75 - [STDERR_REDIRECT] 
2024-07-12 01:36:10,594 [ERROR] LogOutputStream:75 - [STDERR_REDIRECT] Jul 12, 2024 1:36:10 AM java.util.prefs.FileSystemPreferences checkLockFile0ErrorCode
2024-07-12 01:36:10,594 [ERROR] LogOutputStream:75 - [STDERR_REDIRECT] WARNING: Could not lock System prefs. Unix error code 32733.
2024-07-12 01:36:10,594 [ERROR] LogOutputStream:75 - [STDERR_REDIRECT] 
2024-07-12 01:36:10,595 [ERROR] LogOutputStream:75 - [STDERR_REDIRECT] Jul 12, 2024 1:36:10 AM java.util.prefs.FileSystemPreferences syncWorld
2024-07-12 01:36:10,595 [ERROR] LogOutputStream:75 - [STDERR_REDIRECT] WARNING: Couldn't flush system prefs: java.util.prefs.BackingStoreException: Couldn't get file lock.
2024-07-12 01:36:10,595 [ERROR] LogOutputStream:75 - [STDERR_REDIRECT] 
2024-07-12 01:36:40,594 [ERROR] LogOutputStream:75 - [STDERR_REDIRECT] Jul 12, 2024 1:36:40 AM java.util.prefs.FileSystemPreferences checkLockFile0ErrorCode
2024-07-12 01:36:40,594 [ERROR] LogOutputStream:75 - [STDERR_REDIRECT] WARNING: Could not lock System prefs. Unix error code 32733.
2024-07-12 01:36:40,594 [ERROR] LogOutputStream:75 - [STDERR_REDIRECT] 
2024-07-12 01:36:40,595 [ERROR] LogOutputStream:75 - [STDERR_REDIRECT] Jul 12, 2024 1:36:40 AM java.util.prefs.FileSystemPreferences syncWorld
2024-07-12 01:36:40,595 [ERROR] LogOutputStream:75 - [STDERR_REDIRECT] WARNING: Couldn't flush system prefs: java.util.prefs.BackingStoreException: Couldn't get file lock.
2024-07-12 01:36:40,595 [ERROR] LogOutputStream:75 - [STDERR_REDIRECT] 
2024-07-12 01:37:10,594 [ERROR] LogOutputStream:75 - [STDERR_REDIRECT] Jul 12, 2024 1:37:10 AM java.util.prefs.FileSystemPreferences checkLockFile0ErrorCode
2024-07-12 01:37:10,595 [ERROR] LogOutputStream:75 - [STDERR_REDIRECT] WARNING: Could not lock System prefs. Unix error code 32733.
2024-07-12 01:37:10,595 [ERROR] LogOutputStream:75 - [STDERR_REDIRECT] 
2024-07-12 01:37:10,595 [ERROR] LogOutputStream:75 - [STDERR_REDIRECT] Jul 12, 2024 1:37:10 AM java.util.prefs.FileSystemPreferences syncWorld
2024-07-12 01:37:10,595 [ERROR] LogOutputStream:75 - [STDERR_REDIRECT] WARNING: Couldn't flush system prefs: java.util.prefs.BackingStoreException: Couldn't get file lock.
2024-07-12 01:37:10,596 [ERROR] LogOutputStream:75 - [STDERR_REDIRECT] 
2024-07-12 01:37:40,594 [ERROR] LogOutputStream:75 - [STDERR_REDIRECT] Jul 12, 2024 1:37:40 AM java.util.prefs.FileSystemPreferences checkLockFile0ErrorCode
2024-07-12 01:37:40,595 [ERROR] LogOutputStream:75 - [STDERR_REDIRECT] WARNING: Could not lock System prefs. Unix error code 32733.
2024-07-12 01:37:40,596 [ERROR] LogOutputStream:75 - [STDERR_REDIRECT] 
2024-07-12 01:37:40,597 [ERROR] LogOutputStream:75 - [STDERR_REDIRECT] Jul 12, 2024 1:37:40 AM java.util.prefs.FileSystemPreferences syncWorld
2024-07-12 01:37:40,597 [ERROR] LogOutputStream:75 - [STDERR_REDIRECT] WARNING: Couldn't flush system prefs: java.util.prefs.BackingStoreException: Couldn't get file lock.
2024-07-12 01:37:40,597 [ERROR] LogOutputStream:75 - [STDERR_REDIRECT] 
2024-07-12 01:38:10,595 [ERROR] LogOutputStream:75 - [STDERR_REDIRECT] Jul 12, 2024 1:38:10 AM java.util.prefs.FileSystemPreferences checkLockFile0ErrorCode
2024-07-12 01:38:10,595 [ERROR] LogOutputStream:75 - [STDERR_REDIRECT] WARNING: Could not lock System prefs. Unix error code 32733.
2024-07-12 01:38:10,595 [ERROR] LogOutputStream:75 - [STDERR_REDIRECT] 
2024-07-12 01:38:10,596 [ERROR] LogOutputStream:75 - [STDERR_REDIRECT] Jul 12, 2024 1:38:10 AM java.util.prefs.FileSystemPreferences syncWorld
2024-07-12 01:38:10,596 [ERROR] LogOutputStream:75 - [STDERR_REDIRECT] WARNING: Couldn't flush system prefs: java.util.prefs.BackingStoreException: Couldn't get file lock.
2024-07-12 01:38:10,596 [ERROR] LogOutputStream:75 - [STDERR_REDIRECT] 
2024-07-12 01:38:40,595 [ERROR] LogOutputStream:75 - [STDERR_REDIRECT] Jul 12, 2024 1:38:40 AM java.util.prefs.FileSystemPreferences checkLockFile0ErrorCode
2024-07-12 01:38:40,595 [ERROR] LogOutputStream:75 - [STDERR_REDIRECT] WARNING: Could not lock System prefs. Unix error code 32733.
2024-07-12 01:38:40,595 [ERROR] LogOutputStream:75 - [STDERR_REDIRECT] 
2024-07-12 01:38:40,596 [ERROR] LogOutputStream:75 - [STDERR_REDIRECT] Jul 12, 2024 1:38:40 AM java.util.prefs.FileSystemPreferences syncWorld
2024-07-12 01:38:40,596 [ERROR] LogOutputStream:75 - [STDERR_REDIRECT] WARNING: Couldn't flush system prefs: java.util.prefs.BackingStoreException: Couldn't get file lock.
2024-07-12 01:38:40,596 [ERROR] LogOutputStream:75 - [STDERR_REDIRECT] 
2024-07-12 01:39:10,595 [ERROR] LogOutputStream:75 - [STDERR_REDIRECT] Jul 12, 2024 1:39:10 AM java.util.prefs.FileSystemPreferences checkLockFile0ErrorCode
2024-07-12 01:39:10,595 [ERROR] LogOutputStream:75 - [STDERR_REDIRECT] WARNING: Could not lock System prefs. Unix error code 32733.
2024-07-12 01:39:10,604 [ERROR] LogOutputStream:75 - [STDERR_REDIRECT] 
2024-07-12 01:39:10,605 [ERROR] LogOutputStream:75 - [STDERR_REDIRECT] Jul 12, 2024 1:39:10 AM java.util.prefs.FileSystemPreferences syncWorld
2024-07-12 01:39:10,605 [ERROR] LogOutputStream:75 - [STDERR_REDIRECT] WARNING: Couldn't flush system prefs: java.util.prefs.BackingStoreException: Couldn't get file lock.
2024-07-12 01:39:10,605 [ERROR] LogOutputStream:75 - [STDERR_REDIRECT] 
2024-07-12 01:39:40,595 [ERROR] LogOutputStream:75 - [STDERR_REDIRECT] Jul 12, 2024 1:39:40 AM java.util.prefs.FileSystemPreferences checkLockFile0ErrorCode
2024-07-12 01:39:40,596 [ERROR] LogOutputStream:75 - [STDERR_REDIRECT] WARNING: Could not lock System prefs. Unix error code 32733.
2024-07-12 01:39:40,597 [ERROR] LogOutputStream:75 - [STDERR_REDIRECT] 
2024-07-12 01:39:40,598 [ERROR] LogOutputStream:75 - [STDERR_REDIRECT] Jul 12, 2024 1:39:40 AM java.util.prefs.FileSystemPreferences syncWorld
2024-07-12 01:39:40,598 [ERROR] LogOutputStream:75 - [STDERR_REDIRECT] WARNING: Couldn't flush system prefs: java.util.prefs.BackingStoreException: Couldn't get file lock.
2024-07-12 01:39:40,598 [ERROR] LogOutputStream:75 - [STDERR_REDIRECT] 
2024-07-12 01:40:10,596 [ERROR] LogOutputStream:75 - [STDERR_REDIRECT] Jul 12, 2024 1:40:10 AM java.util.prefs.FileSystemPreferences checkLockFile0ErrorCode
2024-07-12 01:40:10,597 [ERROR] LogOutputStream:75 - [STDERR_REDIRECT] WARNING: Could not lock System prefs. Unix error code -131747100.
2024-07-12 01:40:10,612 [ERROR] LogOutputStream:75 - [STDERR_REDIRECT] 
2024-07-12 01:40:10,612 [ERROR] LogOutputStream:75 - [STDERR_REDIRECT] Jul 12, 2024 1:40:10 AM java.util.prefs.FileSystemPreferences syncWorld
2024-07-12 01:40:10,612 [ERROR] LogOutputStream:75 - [STDERR_REDIRECT] WARNING: Couldn't flush system prefs: java.util.prefs.BackingStoreException: Couldn't get file lock.
2024-07-12 01:40:10,612 [ERROR] LogOutputStream:75 - [STDERR_REDIRECT] 
2024-07-12 01:40:40,595 [ERROR] LogOutputStream:75 - [STDERR_REDIRECT] Jul 12, 2024 1:40:40 AM java.util.prefs.FileSystemPreferences checkLockFile0ErrorCode
2024-07-12 01:40:40,596 [ERROR] LogOutputStream:75 - [STDERR_REDIRECT] WARNING: Could not lock System prefs. Unix error code -131747100.
2024-07-12 01:40:40,596 [ERROR] LogOutputStream:75 - [STDERR_REDIRECT] 
2024-07-12 01:40:40,596 [ERROR] LogOutputStream:75 - [STDERR_REDIRECT] Jul 12, 2024 1:40:40 AM java.util.prefs.FileSystemPreferences syncWorld
2024-07-12 01:40:40,596 [ERROR] LogOutputStream:75 - [STDERR_REDIRECT] WARNING: Couldn't flush system prefs: java.util.prefs.BackingStoreException: Couldn't get file lock.
2024-07-12 01:40:40,597 [ERROR] LogOutputStream:75 - [STDERR_REDIRECT] 
2024-07-12 01:41:10,596 [ERROR] LogOutputStream:75 - [STDERR_REDIRECT] Jul 12, 2024 1:41:10 AM java.util.prefs.FileSystemPreferences checkLockFile0ErrorCode
2024-07-12 01:41:10,596 [ERROR] LogOutputStream:75 - [STDERR_REDIRECT] WARNING: Could not lock System prefs. Unix error code -131747100.
2024-07-12 01:41:10,596 [ERROR] LogOutputStream:75 - [STDERR_REDIRECT] 
2024-07-12 01:41:10,597 [ERROR] LogOutputStream:75 - [STDERR_REDIRECT] Jul 12, 2024 1:41:10 AM java.util.prefs.FileSystemPreferences syncWorld
2024-07-12 01:41:10,597 [ERROR] LogOutputStream:75 - [STDERR_REDIRECT] WARNING: Couldn't flush system prefs: java.util.prefs.BackingStoreException: Couldn't get file lock.
2024-07-12 01:41:10,597 [ERROR] LogOutputStream:75 - [STDERR_REDIRECT] 
2024-07-12 01:41:40,597 [ERROR] LogOutputStream:75 - [STDERR_REDIRECT] Jul 12, 2024 1:41:40 AM java.util.prefs.FileSystemPreferences checkLockFile0ErrorCode
2024-07-12 01:41:40,597 [ERROR] LogOutputStream:75 - [STDERR_REDIRECT] WARNING: Could not lock System prefs. Unix error code -131747100.
2024-07-12 01:41:40,598 [ERROR] LogOutputStream:75 - [STDERR_REDIRECT] 
2024-07-12 01:41:40,599 [ERROR] LogOutputStream:75 - [STDERR_REDIRECT] Jul 12, 2024 1:41:40 AM java.util.prefs.FileSystemPreferences syncWorld
2024-07-12 01:41:40,599 [ERROR] LogOutputStream:75 - [STDERR_REDIRECT] WARNING: Couldn't flush system prefs: java.util.prefs.BackingStoreException: Couldn't get file lock.
2024-07-12 01:41:40,599 [ERROR] LogOutputStream:75 - [STDERR_REDIRECT] 
2024-07-12 01:42:10,598 [ERROR] LogOutputStream:75 - [STDERR_REDIRECT] Jul 12, 2024 1:42:10 AM java.util.prefs.FileSystemPreferences checkLockFile0ErrorCode
2024-07-12 01:42:10,599 [ERROR] LogOutputStream:75 - [STDERR_REDIRECT] WARNING: Could not lock System prefs. Unix error code -131747100.
2024-07-12 01:42:10,600 [ERROR] LogOutputStream:75 - [STDERR_REDIRECT] 
2024-07-12 01:42:10,602 [ERROR] LogOutputStream:75 - [STDERR_REDIRECT] Jul 12, 2024 1:42:10 AM java.util.prefs.FileSystemPreferences syncWorld
2024-07-12 01:42:10,603 [ERROR] LogOutputStream:75 - [STDERR_REDIRECT] WARNING: Couldn't flush system prefs: java.util.prefs.BackingStoreException: Couldn't get file lock.
2024-07-12 01:42:10,603 [ERROR] LogOutputStream:75 - [STDERR_REDIRECT] 
2024-07-12 01:42:40,597 [ERROR] LogOutputStream:75 - [STDERR_REDIRECT] Jul 12, 2024 1:42:40 AM java.util.prefs.FileSystemPreferences checkLockFile0ErrorCode
2024-07-12 01:42:40,598 [ERROR] LogOutputStream:75 - [STDERR_REDIRECT] WARNING: Could not lock System prefs. Unix error code -131747100.
2024-07-12 01:42:40,599 [ERROR] LogOutputStream:75 - [STDERR_REDIRECT] 
2024-07-12 01:42:40,599 [ERROR] LogOutputStream:75 - [STDERR_REDIRECT] Jul 12, 2024 1:42:40 AM java.util.prefs.FileSystemPreferences syncWorld
2024-07-12 01:42:40,599 [ERROR] LogOutputStream:75 - [STDERR_REDIRECT] WARNING: Couldn't flush system prefs: java.util.prefs.BackingStoreException: Couldn't get file lock.
2024-07-12 01:42:40,600 [ERROR] LogOutputStream:75 - [STDERR_REDIRECT] 
2024-07-12 01:43:10,597 [ERROR] LogOutputStream:75 - [STDERR_REDIRECT] Jul 12, 2024 1:43:10 AM java.util.prefs.FileSystemPreferences checkLockFile0ErrorCode
2024-07-12 01:43:10,597 [ERROR] LogOutputStream:75 - [STDERR_REDIRECT] WARNING: Could not lock System prefs. Unix error code -131747100.
2024-07-12 01:43:10,597 [ERROR] LogOutputStream:75 - [STDERR_REDIRECT] 
2024-07-12 01:43:10,598 [ERROR] LogOutputStream:75 - [STDERR_REDIRECT] Jul 12, 2024 1:43:10 AM java.util.prefs.FileSystemPreferences syncWorld
2024-07-12 01:43:10,598 [ERROR] LogOutputStream:75 - [STDERR_REDIRECT] WARNING: Couldn't flush system prefs: java.util.prefs.BackingStoreException: Couldn't get file lock.
2024-07-12 01:43:10,598 [ERROR] LogOutputStream:75 - [STDERR_REDIRECT] 
2024-07-12 01:43:40,597 [ERROR] LogOutputStream:75 - [STDERR_REDIRECT] Jul 12, 2024 1:43:40 AM java.util.prefs.FileSystemPreferences checkLockFile0ErrorCode
2024-07-12 01:43:40,597 [ERROR] LogOutputStream:75 - [STDERR_REDIRECT] WARNING: Could not lock System prefs. Unix error code -131747100.
2024-07-12 01:43:40,597 [ERROR] LogOutputStream:75 - [STDERR_REDIRECT] 
2024-07-12 01:43:40,598 [ERROR] LogOutputStream:75 - [STDERR_REDIRECT] Jul 12, 2024 1:43:40 AM java.util.prefs.FileSystemPreferences syncWorld
2024-07-12 01:43:40,599 [ERROR] LogOutputStream:75 - [STDERR_REDIRECT] WARNING: Couldn't flush system prefs: java.util.prefs.BackingStoreException: Couldn't get file lock.
2024-07-12 01:43:40,599 [ERROR] LogOutputStream:75 - [STDERR_REDIRECT] 
2024-07-12 01:44:10,596 [ERROR] LogOutputStream:75 - [STDERR_REDIRECT] Jul 12, 2024 1:44:10 AM java.util.prefs.FileSystemPreferences checkLockFile0ErrorCode
2024-07-12 01:44:10,597 [ERROR] LogOutputStream:75 - [STDERR_REDIRECT] WARNING: Could not lock System prefs. Unix error code -131747100.
2024-07-12 01:44:10,597 [ERROR] LogOutputStream:75 - [STDERR_REDIRECT] 
2024-07-12 01:44:10,597 [ERROR] LogOutputStream:75 - [STDERR_REDIRECT] Jul 12, 2024 1:44:10 AM java.util.prefs.FileSystemPreferences syncWorld
2024-07-12 01:44:10,597 [ERROR] LogOutputStream:75 - [STDERR_REDIRECT] WARNING: Couldn't flush system prefs: java.util.prefs.BackingStoreException: Couldn't get file lock.
2024-07-12 01:44:10,598 [ERROR] LogOutputStream:75 - [STDERR_REDIRECT] 
2024-07-12 01:44:40,596 [ERROR] LogOutputStream:75 - [STDERR_REDIRECT] Jul 12, 2024 1:44:40 AM java.util.prefs.FileSystemPreferences checkLockFile0ErrorCode
2024-07-12 01:44:40,596 [ERROR] LogOutputStream:75 - [STDERR_REDIRECT] WARNING: Could not lock System prefs. Unix error code -131747100.
2024-07-12 01:44:40,597 [ERROR] LogOutputStream:75 - [STDERR_REDIRECT] 
2024-07-12 01:44:40,597 [ERROR] LogOutputStream:75 - [STDERR_REDIRECT] Jul 12, 2024 1:44:40 AM java.util.prefs.FileSystemPreferences syncWorld
2024-07-12 01:44:40,597 [ERROR] LogOutputStream:75 - [STDERR_REDIRECT] WARNING: Couldn't flush system prefs: java.util.prefs.BackingStoreException: Couldn't get file lock.
2024-07-12 01:44:40,597 [ERROR] LogOutputStream:75 - [STDERR_REDIRECT] 
2024-07-12 01:45:10,597 [ERROR] LogOutputStream:75 - [STDERR_REDIRECT] Jul 12, 2024 1:45:10 AM java.util.prefs.FileSystemPreferences checkLockFile0ErrorCode
2024-07-12 01:45:10,597 [ERROR] LogOutputStream:75 - [STDERR_REDIRECT] WARNING: Could not lock System prefs. Unix error code -131747100.
2024-07-12 01:45:10,597 [ERROR] LogOutputStream:75 - [STDERR_REDIRECT] 
2024-07-12 01:45:10,597 [ERROR] LogOutputStream:75 - [STDERR_REDIRECT] Jul 12, 2024 1:45:10 AM java.util.prefs.FileSystemPreferences syncWorld
2024-07-12 01:45:10,598 [ERROR] LogOutputStream:75 - [STDERR_REDIRECT] WARNING: Couldn't flush system prefs: java.util.prefs.BackingStoreException: Couldn't get file lock.
2024-07-12 01:45:10,598 [ERROR] LogOutputStream:75 - [STDERR_REDIRECT] 
2024-07-12 01:45:40,596 [ERROR] LogOutputStream:75 - [STDERR_REDIRECT] Jul 12, 2024 1:45:40 AM java.util.prefs.FileSystemPreferences checkLockFile0ErrorCode
2024-07-12 01:45:40,596 [ERROR] LogOutputStream:75 - [STDERR_REDIRECT] WARNING: Could not lock System prefs. Unix error code -131747100.
2024-07-12 01:45:40,596 [ERROR] LogOutputStream:75 - [STDERR_REDIRECT] 
2024-07-12 01:45:40,597 [ERROR] LogOutputStream:75 - [STDERR_REDIRECT] Jul 12, 2024 1:45:40 AM java.util.prefs.FileSystemPreferences syncWorld
2024-07-12 01:45:40,597 [ERROR] LogOutputStream:75 - [STDERR_REDIRECT] WARNING: Couldn't flush system prefs: java.util.prefs.BackingStoreException: Couldn't get file lock.
2024-07-12 01:45:40,597 [ERROR] LogOutputStream:75 - [STDERR_REDIRECT] 
2024-07-12 01:46:10,598 [ERROR] LogOutputStream:75 - [STDERR_REDIRECT] Jul 12, 2024 1:46:10 AM java.util.prefs.FileSystemPreferences checkLockFile0ErrorCode
2024-07-12 01:46:10,598 [ERROR] LogOutputStream:75 - [STDERR_REDIRECT] WARNING: Could not lock System prefs. Unix error code -131747100.
2024-07-12 01:46:10,598 [ERROR] LogOutputStream:75 - [STDERR_REDIRECT] 
2024-07-12 01:46:10,599 [ERROR] LogOutputStream:75 - [STDERR_REDIRECT] Jul 12, 2024 1:46:10 AM java.util.prefs.FileSystemPreferences syncWorld
2024-07-12 01:46:10,599 [ERROR] LogOutputStream:75 - [STDERR_REDIRECT] WARNING: Couldn't flush system prefs: java.util.prefs.BackingStoreException: Couldn't get file lock.
2024-07-12 01:46:10,599 [ERROR] LogOutputStream:75 - [STDERR_REDIRECT] 
2024-07-12 01:46:40,595 [ERROR] LogOutputStream:75 - [STDERR_REDIRECT] Jul 12, 2024 1:46:40 AM java.util.prefs.FileSystemPreferences checkLockFile0ErrorCode
2024-07-12 01:46:40,596 [ERROR] LogOutputStream:75 - [STDERR_REDIRECT] WARNING: Could not lock System prefs. Unix error code -131747100.
2024-07-12 01:46:40,596 [ERROR] LogOutputStream:75 - [STDERR_REDIRECT] 
2024-07-12 01:46:40,596 [ERROR] LogOutputStream:75 - [STDERR_REDIRECT] Jul 12, 2024 1:46:40 AM java.util.prefs.FileSystemPreferences syncWorld
2024-07-12 01:46:40,596 [ERROR] LogOutputStream:75 - [STDERR_REDIRECT] WARNING: Couldn't flush system prefs: java.util.prefs.BackingStoreException: Couldn't get file lock.
2024-07-12 01:46:40,597 [ERROR] LogOutputStream:75 - [STDERR_REDIRECT] 
2024-07-12 01:47:10,596 [ERROR] LogOutputStream:75 - [STDERR_REDIRECT] Jul 12, 2024 1:47:10 AM java.util.prefs.FileSystemPreferences checkLockFile0ErrorCode
2024-07-12 01:47:10,596 [ERROR] LogOutputStream:75 - [STDERR_REDIRECT] WARNING: Could not lock System prefs. Unix error code -131747100.
2024-07-12 01:47:10,596 [ERROR] LogOutputStream:75 - [STDERR_REDIRECT] 
2024-07-12 01:47:10,597 [ERROR] LogOutputStream:75 - [STDERR_REDIRECT] Jul 12, 2024 1:47:10 AM java.util.prefs.FileSystemPreferences syncWorld
2024-07-12 01:47:10,597 [ERROR] LogOutputStream:75 - [STDERR_REDIRECT] WARNING: Couldn't flush system prefs: java.util.prefs.BackingStoreException: Couldn't get file lock.
2024-07-12 01:47:10,597 [ERROR] LogOutputStream:75 - [STDERR_REDIRECT] 
2024-07-12 01:47:40,597 [ERROR] LogOutputStream:75 - [STDERR_REDIRECT] Jul 12, 2024 1:47:40 AM java.util.prefs.FileSystemPreferences checkLockFile0ErrorCode
2024-07-12 01:47:40,597 [ERROR] LogOutputStream:75 - [STDERR_REDIRECT] WARNING: Could not lock System prefs. Unix error code -131747100.
2024-07-12 01:47:40,597 [ERROR] LogOutputStream:75 - [STDERR_REDIRECT] 
2024-07-12 01:47:40,597 [ERROR] LogOutputStream:75 - [STDERR_REDIRECT] Jul 12, 2024 1:47:40 AM java.util.prefs.FileSystemPreferences syncWorld
2024-07-12 01:47:40,598 [ERROR] LogOutputStream:75 - [STDERR_REDIRECT] WARNING: Couldn't flush system prefs: java.util.prefs.BackingStoreException: Couldn't get file lock.
2024-07-12 01:47:40,598 [ERROR] LogOutputStream:75 - [STDERR_REDIRECT] 
2024-07-12 01:48:10,596 [ERROR] LogOutputStream:75 - [STDERR_REDIRECT] Jul 12, 2024 1:48:10 AM java.util.prefs.FileSystemPreferences checkLockFile0ErrorCode
2024-07-12 01:48:10,596 [ERROR] LogOutputStream:75 - [STDERR_REDIRECT] WARNING: Could not lock System prefs. Unix error code -131747100.
2024-07-12 01:48:10,596 [ERROR] LogOutputStream:75 - [STDERR_REDIRECT] 
2024-07-12 01:48:10,597 [ERROR] LogOutputStream:75 - [STDERR_REDIRECT] Jul 12, 2024 1:48:10 AM java.util.prefs.FileSystemPreferences syncWorld
2024-07-12 01:48:10,597 [ERROR] LogOutputStream:75 - [STDERR_REDIRECT] WARNING: Couldn't flush system prefs: java.util.prefs.BackingStoreException: Couldn't get file lock.
2024-07-12 01:48:10,597 [ERROR] LogOutputStream:75 - [STDERR_REDIRECT] 
2024-07-12 01:48:40,596 [ERROR] LogOutputStream:75 - [STDERR_REDIRECT] Jul 12, 2024 1:48:40 AM java.util.prefs.FileSystemPreferences checkLockFile0ErrorCode
2024-07-12 01:48:40,597 [ERROR] LogOutputStream:75 - [STDERR_REDIRECT] WARNING: Could not lock System prefs. Unix error code -131747100.
2024-07-12 01:48:40,597 [ERROR] LogOutputStream:75 - [STDERR_REDIRECT] 
2024-07-12 01:48:40,598 [ERROR] LogOutputStream:75 - [STDERR_REDIRECT] Jul 12, 2024 1:48:40 AM java.util.prefs.FileSystemPreferences syncWorld
2024-07-12 01:48:40,598 [ERROR] LogOutputStream:75 - [STDERR_REDIRECT] WARNING: Couldn't flush system prefs: java.util.prefs.BackingStoreException: Couldn't get file lock.
2024-07-12 01:48:40,598 [ERROR] LogOutputStream:75 - [STDERR_REDIRECT] 
2024-07-12 01:49:10,597 [ERROR] LogOutputStream:75 - [STDERR_REDIRECT] Jul 12, 2024 1:49:10 AM java.util.prefs.FileSystemPreferences checkLockFile0ErrorCode
2024-07-12 01:49:10,597 [ERROR] LogOutputStream:75 - [STDERR_REDIRECT] WARNING: Could not lock System prefs. Unix error code -131747100.
2024-07-12 01:49:10,597 [ERROR] LogOutputStream:75 - [STDERR_REDIRECT] 
2024-07-12 01:49:10,598 [ERROR] LogOutputStream:75 - [STDERR_REDIRECT] Jul 12, 2024 1:49:10 AM java.util.prefs.FileSystemPreferences syncWorld
2024-07-12 01:49:10,598 [ERROR] LogOutputStream:75 - [STDERR_REDIRECT] WARNING: Couldn't flush system prefs: java.util.prefs.BackingStoreException: Couldn't get file lock.
2024-07-12 01:49:10,598 [ERROR] LogOutputStream:75 - [STDERR_REDIRECT] 
2024-07-12 01:49:40,597 [ERROR] LogOutputStream:75 - [STDERR_REDIRECT] Jul 12, 2024 1:49:40 AM java.util.prefs.FileSystemPreferences checkLockFile0ErrorCode
2024-07-12 01:49:40,597 [ERROR] LogOutputStream:75 - [STDERR_REDIRECT] WARNING: Could not lock System prefs. Unix error code -131747100.
2024-07-12 01:49:40,597 [ERROR] LogOutputStream:75 - [STDERR_REDIRECT] 
2024-07-12 01:49:40,598 [ERROR] LogOutputStream:75 - [STDERR_REDIRECT] Jul 12, 2024 1:49:40 AM java.util.prefs.FileSystemPreferences syncWorld
2024-07-12 01:49:40,598 [ERROR] LogOutputStream:75 - [STDERR_REDIRECT] WARNING: Couldn't flush system prefs: java.util.prefs.BackingStoreException: Couldn't get file lock.
2024-07-12 01:49:40,598 [ERROR] LogOutputStream:75 - [STDERR_REDIRECT] 
2024-07-12 01:50:10,596 [ERROR] LogOutputStream:75 - [STDERR_REDIRECT] Jul 12, 2024 1:50:10 AM java.util.prefs.FileSystemPreferences checkLockFile0ErrorCode
2024-07-12 01:50:10,597 [ERROR] LogOutputStream:75 - [STDERR_REDIRECT] WARNING: Could not lock System prefs. Unix error code -131747100.
2024-07-12 01:50:10,597 [ERROR] LogOutputStream:75 - [STDERR_REDIRECT] 
2024-07-12 01:50:10,597 [ERROR] LogOutputStream:75 - [STDERR_REDIRECT] Jul 12, 2024 1:50:10 AM java.util.prefs.FileSystemPreferences syncWorld
2024-07-12 01:50:10,597 [ERROR] LogOutputStream:75 - [STDERR_REDIRECT] WARNING: Couldn't flush system prefs: java.util.prefs.BackingStoreException: Couldn't get file lock.
2024-07-12 01:50:10,597 [ERROR] LogOutputStream:75 - [STDERR_REDIRECT] 
2024-07-12 01:50:40,597 [ERROR] LogOutputStream:75 - [STDERR_REDIRECT] Jul 12, 2024 1:50:40 AM java.util.prefs.FileSystemPreferences checkLockFile0ErrorCode
2024-07-12 01:50:40,597 [ERROR] LogOutputStream:75 - [STDERR_REDIRECT] WARNING: Could not lock System prefs. Unix error code -131747100.
2024-07-12 01:50:40,598 [ERROR] LogOutputStream:75 - [STDERR_REDIRECT] 
2024-07-12 01:50:40,598 [ERROR] LogOutputStream:75 - [STDERR_REDIRECT] Jul 12, 2024 1:50:40 AM java.util.prefs.FileSystemPreferences syncWorld
2024-07-12 01:50:40,599 [ERROR] LogOutputStream:75 - [STDERR_REDIRECT] WARNING: Couldn't flush system prefs: java.util.prefs.BackingStoreException: Couldn't get file lock.
2024-07-12 01:50:40,599 [ERROR] LogOutputStream:75 - [STDERR_REDIRECT] 
2024-07-12 01:51:10,597 [ERROR] LogOutputStream:75 - [STDERR_REDIRECT] Jul 12, 2024 1:51:10 AM java.util.prefs.FileSystemPreferences checkLockFile0ErrorCode
2024-07-12 01:51:10,598 [ERROR] LogOutputStream:75 - [STDERR_REDIRECT] WARNING: Could not lock System prefs. Unix error code -131747100.
2024-07-12 01:51:10,598 [ERROR] LogOutputStream:75 - [STDERR_REDIRECT] 
2024-07-12 01:51:10,598 [ERROR] LogOutputStream:75 - [STDERR_REDIRECT] Jul 12, 2024 1:51:10 AM java.util.prefs.FileSystemPreferences syncWorld
2024-07-12 01:51:10,598 [ERROR] LogOutputStream:75 - [STDERR_REDIRECT] WARNING: Couldn't flush system prefs: java.util.prefs.BackingStoreException: Couldn't get file lock.
2024-07-12 01:51:10,598 [ERROR] LogOutputStream:75 - [STDERR_REDIRECT] 
2024-07-12 01:51:40,597 [ERROR] LogOutputStream:75 - [STDERR_REDIRECT] Jul 12, 2024 1:51:40 AM java.util.prefs.FileSystemPreferences checkLockFile0ErrorCode
2024-07-12 01:51:40,597 [ERROR] LogOutputStream:75 - [STDERR_REDIRECT] WARNING: Could not lock System prefs. Unix error code -131747100.
2024-07-12 01:51:40,597 [ERROR] LogOutputStream:75 - [STDERR_REDIRECT] 
2024-07-12 01:51:40,598 [ERROR] LogOutputStream:75 - [STDERR_REDIRECT] Jul 12, 2024 1:51:40 AM java.util.prefs.FileSystemPreferences syncWorld
2024-07-12 01:51:40,598 [ERROR] LogOutputStream:75 - [STDERR_REDIRECT] WARNING: Couldn't flush system prefs: java.util.prefs.BackingStoreException: Couldn't get file lock.
2024-07-12 01:51:40,598 [ERROR] LogOutputStream:75 - [STDERR_REDIRECT] 
2024-07-12 01:52:10,596 [ERROR] LogOutputStream:75 - [STDERR_REDIRECT] Jul 12, 2024 1:52:10 AM java.util.prefs.FileSystemPreferences checkLockFile0ErrorCode
2024-07-12 01:52:10,597 [ERROR] LogOutputStream:75 - [STDERR_REDIRECT] WARNING: Could not lock System prefs. Unix error code -131747100.
2024-07-12 01:52:10,597 [ERROR] LogOutputStream:75 - [STDERR_REDIRECT] 
2024-07-12 01:52:10,597 [ERROR] LogOutputStream:75 - [STDERR_REDIRECT] Jul 12, 2024 1:52:10 AM java.util.prefs.FileSystemPreferences syncWorld
2024-07-12 01:52:10,597 [ERROR] LogOutputStream:75 - [STDERR_REDIRECT] WARNING: Couldn't flush system prefs: java.util.prefs.BackingStoreException: Couldn't get file lock.
2024-07-12 01:52:10,597 [ERROR] LogOutputStream:75 - [STDERR_REDIRECT] 
2024-07-12 01:52:40,597 [ERROR] LogOutputStream:75 - [STDERR_REDIRECT] Jul 12, 2024 1:52:40 AM java.util.prefs.FileSystemPreferences checkLockFile0ErrorCode
2024-07-12 01:52:40,597 [ERROR] LogOutputStream:75 - [STDERR_REDIRECT] WARNING: Could not lock System prefs. Unix error code -131747100.
2024-07-12 01:52:40,598 [ERROR] LogOutputStream:75 - [STDERR_REDIRECT] 
2024-07-12 01:52:40,599 [ERROR] LogOutputStream:75 - [STDERR_REDIRECT] Jul 12, 2024 1:52:40 AM java.util.prefs.FileSystemPreferences syncWorld
2024-07-12 01:52:40,599 [ERROR] LogOutputStream:75 - [STDERR_REDIRECT] WARNING: Couldn't flush system prefs: java.util.prefs.BackingStoreException: Couldn't get file lock.
2024-07-12 01:52:40,600 [ERROR] LogOutputStream:75 - [STDERR_REDIRECT] 
2024-07-12 01:53:10,598 [ERROR] LogOutputStream:75 - [STDERR_REDIRECT] Jul 12, 2024 1:53:10 AM java.util.prefs.FileSystemPreferences checkLockFile0ErrorCode
2024-07-12 01:53:10,599 [ERROR] LogOutputStream:75 - [STDERR_REDIRECT] WARNING: Could not lock System prefs. Unix error code -131747100.
2024-07-12 01:53:10,599 [ERROR] LogOutputStream:75 - [STDERR_REDIRECT] 
2024-07-12 01:53:10,600 [ERROR] LogOutputStream:75 - [STDERR_REDIRECT] Jul 12, 2024 1:53:10 AM java.util.prefs.FileSystemPreferences syncWorld
2024-07-12 01:53:10,600 [ERROR] LogOutputStream:75 - [STDERR_REDIRECT] WARNING: Couldn't flush system prefs: java.util.prefs.BackingStoreException: Couldn't get file lock.
2024-07-12 01:53:10,600 [ERROR] LogOutputStream:75 - [STDERR_REDIRECT] 
2024-07-12 01:53:40,598 [ERROR] LogOutputStream:75 - [STDERR_REDIRECT] Jul 12, 2024 1:53:40 AM java.util.prefs.FileSystemPreferences checkLockFile0ErrorCode
2024-07-12 01:53:40,598 [ERROR] LogOutputStream:75 - [STDERR_REDIRECT] WARNING: Could not lock System prefs. Unix error code -131747100.
2024-07-12 01:53:40,599 [ERROR] LogOutputStream:75 - [STDERR_REDIRECT] 
2024-07-12 01:53:40,599 [ERROR] LogOutputStream:75 - [STDERR_REDIRECT] Jul 12, 2024 1:53:40 AM java.util.prefs.FileSystemPreferences syncWorld
2024-07-12 01:53:40,599 [ERROR] LogOutputStream:75 - [STDERR_REDIRECT] WARNING: Couldn't flush system prefs: java.util.prefs.BackingStoreException: Couldn't get file lock.
2024-07-12 01:53:40,599 [ERROR] LogOutputStream:75 - [STDERR_REDIRECT] 
2024-07-12 01:54:10,599 [ERROR] LogOutputStream:75 - [STDERR_REDIRECT] Jul 12, 2024 1:54:10 AM java.util.prefs.FileSystemPreferences checkLockFile0ErrorCode
2024-07-12 01:54:10,599 [ERROR] LogOutputStream:75 - [STDERR_REDIRECT] WARNING: Could not lock System prefs. Unix error code -131747100.
2024-07-12 01:54:10,600 [ERROR] LogOutputStream:75 - [STDERR_REDIRECT] 
2024-07-12 01:54:10,600 [ERROR] LogOutputStream:75 - [STDERR_REDIRECT] Jul 12, 2024 1:54:10 AM java.util.prefs.FileSystemPreferences syncWorld
2024-07-12 01:54:10,601 [ERROR] LogOutputStream:75 - [STDERR_REDIRECT] WARNING: Couldn't flush system prefs: java.util.prefs.BackingStoreException: Couldn't get file lock.
2024-07-12 01:54:10,601 [ERROR] LogOutputStream:75 - [STDERR_REDIRECT] 
2024-07-12 01:54:40,598 [ERROR] LogOutputStream:75 - [STDERR_REDIRECT] Jul 12, 2024 1:54:40 AM java.util.prefs.FileSystemPreferences checkLockFile0ErrorCode
2024-07-12 01:54:40,599 [ERROR] LogOutputStream:75 - [STDERR_REDIRECT] WARNING: Could not lock System prefs. Unix error code -131747100.
2024-07-12 01:54:40,599 [ERROR] LogOutputStream:75 - [STDERR_REDIRECT] 
2024-07-12 01:54:40,601 [ERROR] LogOutputStream:75 - [STDERR_REDIRECT] Jul 12, 2024 1:54:40 AM java.util.prefs.FileSystemPreferences syncWorld
2024-07-12 01:54:40,602 [ERROR] LogOutputStream:75 - [STDERR_REDIRECT] WARNING: Couldn't flush system prefs: java.util.prefs.BackingStoreException: Couldn't get file lock.
2024-07-12 01:54:40,602 [ERROR] LogOutputStream:75 - [STDERR_REDIRECT] 
2024-07-12 01:55:10,828 [ERROR] LogOutputStream:75 - [STDERR_REDIRECT] Jul 12, 2024 1:55:10 AM java.util.prefs.FileSystemPreferences checkLockFile0ErrorCode
2024-07-12 01:55:10,829 [ERROR] LogOutputStream:75 - [STDERR_REDIRECT] WARNING: Could not lock System prefs. Unix error code -131747100.
2024-07-12 01:55:10,829 [ERROR] LogOutputStream:75 - [STDERR_REDIRECT] 
2024-07-12 01:55:10,830 [ERROR] LogOutputStream:75 - [STDERR_REDIRECT] Jul 12, 2024 1:55:10 AM java.util.prefs.FileSystemPreferences syncWorld
2024-07-12 01:55:10,831 [ERROR] LogOutputStream:75 - [STDERR_REDIRECT] WARNING: Couldn't flush system prefs: java.util.prefs.BackingStoreException: Couldn't get file lock.
2024-07-12 01:55:10,831 [ERROR] LogOutputStream:75 - [STDERR_REDIRECT] 
2024-07-12 01:55:40,601 [ERROR] LogOutputStream:75 - [STDERR_REDIRECT] Jul 12, 2024 1:55:40 AM java.util.prefs.FileSystemPreferences checkLockFile0ErrorCode
2024-07-12 01:55:40,601 [ERROR] LogOutputStream:75 - [STDERR_REDIRECT] WARNING: Could not lock System prefs. Unix error code -131747100.
2024-07-12 01:55:40,601 [ERROR] LogOutputStream:75 - [STDERR_REDIRECT] 
2024-07-12 01:55:40,602 [ERROR] LogOutputStream:75 - [STDERR_REDIRECT] Jul 12, 2024 1:55:40 AM java.util.prefs.FileSystemPreferences syncWorld
2024-07-12 01:55:40,602 [ERROR] LogOutputStream:75 - [STDERR_REDIRECT] WARNING: Couldn't flush system prefs: java.util.prefs.BackingStoreException: Couldn't get file lock.
2024-07-12 01:55:40,602 [ERROR] LogOutputStream:75 - [STDERR_REDIRECT] 
2024-07-12 01:56:10,600 [ERROR] LogOutputStream:75 - [STDERR_REDIRECT] Jul 12, 2024 1:56:10 AM java.util.prefs.FileSystemPreferences checkLockFile0ErrorCode
2024-07-12 01:56:10,601 [ERROR] LogOutputStream:75 - [STDERR_REDIRECT] WARNING: Could not lock System prefs. Unix error code -131747100.
2024-07-12 01:56:10,601 [ERROR] LogOutputStream:75 - [STDERR_REDIRECT] 
2024-07-12 01:56:10,602 [ERROR] LogOutputStream:75 - [STDERR_REDIRECT] Jul 12, 2024 1:56:10 AM java.util.prefs.FileSystemPreferences syncWorld
2024-07-12 01:56:10,602 [ERROR] LogOutputStream:75 - [STDERR_REDIRECT] WARNING: Couldn't flush system prefs: java.util.prefs.BackingStoreException: Couldn't get file lock.
2024-07-12 01:56:10,602 [ERROR] LogOutputStream:75 - [STDERR_REDIRECT] 
2024-07-12 01:56:40,599 [ERROR] LogOutputStream:75 - [STDERR_REDIRECT] Jul 12, 2024 1:56:40 AM java.util.prefs.FileSystemPreferences checkLockFile0ErrorCode
2024-07-12 01:56:40,599 [ERROR] LogOutputStream:75 - [STDERR_REDIRECT] WARNING: Could not lock System prefs. Unix error code -131747100.
2024-07-12 01:56:40,600 [ERROR] LogOutputStream:75 - [STDERR_REDIRECT] 
2024-07-12 01:56:40,600 [ERROR] LogOutputStream:75 - [STDERR_REDIRECT] Jul 12, 2024 1:56:40 AM java.util.prefs.FileSystemPreferences syncWorld
2024-07-12 01:56:40,601 [ERROR] LogOutputStream:75 - [STDERR_REDIRECT] WARNING: Couldn't flush system prefs: java.util.prefs.BackingStoreException: Couldn't get file lock.
2024-07-12 01:56:40,602 [ERROR] LogOutputStream:75 - [STDERR_REDIRECT] 
2024-07-12 01:57:10,600 [ERROR] LogOutputStream:75 - [STDERR_REDIRECT] Jul 12, 2024 1:57:10 AM java.util.prefs.FileSystemPreferences checkLockFile0ErrorCode
2024-07-12 01:57:10,601 [ERROR] LogOutputStream:75 - [STDERR_REDIRECT] WARNING: Could not lock System prefs. Unix error code -131747100.
2024-07-12 01:57:10,601 [ERROR] LogOutputStream:75 - [STDERR_REDIRECT] 
2024-07-12 01:57:10,602 [ERROR] LogOutputStream:75 - [STDERR_REDIRECT] Jul 12, 2024 1:57:10 AM java.util.prefs.FileSystemPreferences syncWorld
2024-07-12 01:57:10,603 [ERROR] LogOutputStream:75 - [STDERR_REDIRECT] WARNING: Couldn't flush system prefs: java.util.prefs.BackingStoreException: Couldn't get file lock.
2024-07-12 01:57:10,603 [ERROR] LogOutputStream:75 - [STDERR_REDIRECT] 
2024-07-12 01:57:40,599 [ERROR] LogOutputStream:75 - [STDERR_REDIRECT] Jul 12, 2024 1:57:40 AM java.util.prefs.FileSystemPreferences checkLockFile0ErrorCode
2024-07-12 01:57:40,600 [ERROR] LogOutputStream:75 - [STDERR_REDIRECT] WARNING: Could not lock System prefs. Unix error code -131747100.
2024-07-12 01:57:40,600 [ERROR] LogOutputStream:75 - [STDERR_REDIRECT] 
2024-07-12 01:57:40,601 [ERROR] LogOutputStream:75 - [STDERR_REDIRECT] Jul 12, 2024 1:57:40 AM java.util.prefs.FileSystemPreferences syncWorld
2024-07-12 01:57:40,601 [ERROR] LogOutputStream:75 - [STDERR_REDIRECT] WARNING: Couldn't flush system prefs: java.util.prefs.BackingStoreException: Couldn't get file lock.
2024-07-12 01:57:40,601 [ERROR] LogOutputStream:75 - [STDERR_REDIRECT] 
2024-07-12 01:58:10,599 [ERROR] LogOutputStream:75 - [STDERR_REDIRECT] Jul 12, 2024 1:58:10 AM java.util.prefs.FileSystemPreferences checkLockFile0ErrorCode
2024-07-12 01:58:10,600 [ERROR] LogOutputStream:75 - [STDERR_REDIRECT] WARNING: Could not lock System prefs. Unix error code -131747100.
2024-07-12 01:58:10,600 [ERROR] LogOutputStream:75 - [STDERR_REDIRECT] 
2024-07-12 01:58:10,600 [ERROR] LogOutputStream:75 - [STDERR_REDIRECT] Jul 12, 2024 1:58:10 AM java.util.prefs.FileSystemPreferences syncWorld
2024-07-12 01:58:10,600 [ERROR] LogOutputStream:75 - [STDERR_REDIRECT] WARNING: Couldn't flush system prefs: java.util.prefs.BackingStoreException: Couldn't get file lock.
2024-07-12 01:58:10,600 [ERROR] LogOutputStream:75 - [STDERR_REDIRECT] 
2024-07-12 01:58:40,599 [ERROR] LogOutputStream:75 - [STDERR_REDIRECT] Jul 12, 2024 1:58:40 AM java.util.prefs.FileSystemPreferences checkLockFile0ErrorCode
2024-07-12 01:58:40,599 [ERROR] LogOutputStream:75 - [STDERR_REDIRECT] WARNING: Could not lock System prefs. Unix error code -131747100.
2024-07-12 01:58:40,600 [ERROR] LogOutputStream:75 - [STDERR_REDIRECT] 
2024-07-12 01:58:40,600 [ERROR] LogOutputStream:75 - [STDERR_REDIRECT] Jul 12, 2024 1:58:40 AM java.util.prefs.FileSystemPreferences syncWorld
2024-07-12 01:58:40,600 [ERROR] LogOutputStream:75 - [STDERR_REDIRECT] WARNING: Couldn't flush system prefs: java.util.prefs.BackingStoreException: Couldn't get file lock.
2024-07-12 01:58:40,600 [ERROR] LogOutputStream:75 - [STDERR_REDIRECT] 
2024-07-12 01:59:10,600 [ERROR] LogOutputStream:75 - [STDERR_REDIRECT] Jul 12, 2024 1:59:10 AM java.util.prefs.FileSystemPreferences checkLockFile0ErrorCode
2024-07-12 01:59:10,601 [ERROR] LogOutputStream:75 - [STDERR_REDIRECT] WARNING: Could not lock System prefs. Unix error code -131747100.
2024-07-12 01:59:10,602 [ERROR] LogOutputStream:75 - [STDERR_REDIRECT] 
2024-07-12 01:59:10,604 [ERROR] LogOutputStream:75 - [STDERR_REDIRECT] Jul 12, 2024 1:59:10 AM java.util.prefs.FileSystemPreferences syncWorld
2024-07-12 01:59:10,605 [ERROR] LogOutputStream:75 - [STDERR_REDIRECT] WARNING: Couldn't flush system prefs: java.util.prefs.BackingStoreException: Couldn't get file lock.
2024-07-12 01:59:10,606 [ERROR] LogOutputStream:75 - [STDERR_REDIRECT] 
2024-07-12 01:59:40,600 [ERROR] LogOutputStream:75 - [STDERR_REDIRECT] Jul 12, 2024 1:59:40 AM java.util.prefs.FileSystemPreferences checkLockFile0ErrorCode
2024-07-12 01:59:40,600 [ERROR] LogOutputStream:75 - [STDERR_REDIRECT] WARNING: Could not lock System prefs. Unix error code -131747100.
2024-07-12 01:59:40,601 [ERROR] LogOutputStream:75 - [STDERR_REDIRECT] 
2024-07-12 01:59:40,602 [ERROR] LogOutputStream:75 - [STDERR_REDIRECT] Jul 12, 2024 1:59:40 AM java.util.prefs.FileSystemPreferences syncWorld
2024-07-12 01:59:40,603 [ERROR] LogOutputStream:75 - [STDERR_REDIRECT] WARNING: Couldn't flush system prefs: java.util.prefs.BackingStoreException: Couldn't get file lock.
2024-07-12 01:59:40,603 [ERROR] LogOutputStream:75 - [STDERR_REDIRECT] 
2024-07-12 01:59:48,376 [ERROR] LogOutputStream:75 - [STDERR_REDIRECT] 
2024-07-12 01:59:48,378 [ERROR] LogOutputStream:75 - [STDERR_REDIRECT] 
