2024-07-04 19:31:49,390 [INFO] Activator:176 - 


2024-07-04 19:31:49,404 [INFO] Activator:177 - !SESSION log4j initialized
2024-07-04 19:31:54,357 [INFO] LogOutputStream:77 - [STDOUT_REDIRECT] 
2024-07-04 19:32:00,605 [ERROR] LogOutputStream:75 - [STDERR_REDIRECT] java.net.URISyntaxException: Illegal character in path at index 29: file:/home/ubuntu/Desktop/MSc in Embedded Systems/2. Programación de Microcontroladores (PdM)/PdM_VAZQUEZ_workspace/.metadata/.log4j2.xml
2024-07-04 19:32:00,606 [ERROR] LogOutputStream:75 - [STDERR_REDIRECT] 	at java.base/java.net.URI$Parser.fail(URI.java:2976)
2024-07-04 19:32:00,608 [ERROR] LogOutputStream:75 - [STDERR_REDIRECT] 	at java.base/java.net.URI$Parser.checkChars(URI.java:3147)
2024-07-04 19:32:00,609 [ERROR] LogOutputStream:75 - [STDERR_REDIRECT] 	at java.base/java.net.URI$Parser.parseHierarchical(URI.java:3229)
2024-07-04 19:32:00,610 [ERROR] LogOutputStream:75 - [STDERR_REDIRECT] 	at java.base/java.net.URI$Parser.parse(URI.java:3177)
2024-07-04 19:32:00,612 [ERROR] LogOutputStream:75 - [STDERR_REDIRECT] 	at java.base/java.net.URI.<init>(URI.java:623)
2024-07-04 19:32:00,613 [ERROR] LogOutputStream:75 - [STDERR_REDIRECT] 	at java.base/java.net.URL.toURI(URL.java:1056)
2024-07-04 19:32:00,615 [ERROR] LogOutputStream:75 - [STDERR_REDIRECT] 	at com.st.stm32cube.common.mx.core.CubeMxInstance.getInstance(CubeMxInstance.java:81)
2024-07-04 19:32:00,616 [ERROR] LogOutputStream:75 - [STDERR_REDIRECT] 	at com.st.stm32cube.common.mx.userauth.UserAuthAdapter.<init>(UserAuthAdapter.java:25)
2024-07-04 19:32:00,617 [ERROR] LogOutputStream:75 - [STDERR_REDIRECT] 	at com.st.stm32cube.common.mx.userauth.UserAuthProvider.getUserAuthAdapter(UserAuthProvider.java:16)
2024-07-04 19:32:00,618 [ERROR] LogOutputStream:75 - [STDERR_REDIRECT] 	at com.st.stm32cube.common.ecosystemintegration.ui.core.MCUEcoSystemIntegrationUiHelper.getUserAuth(MCUEcoSystemIntegrationUiHelper.java:100)
2024-07-04 19:32:00,619 [ERROR] LogOutputStream:75 - [STDERR_REDIRECT] 	at com.st.stm32cube.ide.mcu.userauth.UserAuthStartup.earlyStartup(UserAuthStartup.java:41)
2024-07-04 19:32:00,620 [ERROR] LogOutputStream:75 - [STDERR_REDIRECT] 	at org.eclipse.ui.internal.EarlyStartupRunnable.runEarlyStartup(EarlyStartupRunnable.java:79)
2024-07-04 19:32:00,620 [ERROR] LogOutputStream:75 - [STDERR_REDIRECT] 	at org.eclipse.ui.internal.EarlyStartupRunnable.run(EarlyStartupRunnable.java:55)
2024-07-04 19:32:00,621 [ERROR] LogOutputStream:75 - [STDERR_REDIRECT] 	at org.eclipse.core.runtime.SafeRunner.run(SafeRunner.java:47)
2024-07-04 19:32:00,622 [ERROR] LogOutputStream:75 - [STDERR_REDIRECT] 	at org.eclipse.ui.internal.Workbench$39.run(Workbench.java:2762)
2024-07-04 19:32:00,623 [ERROR] LogOutputStream:75 - [STDERR_REDIRECT] 	at org.eclipse.core.internal.jobs.Worker.run(Worker.java:63)
2024-07-04 19:32:07,592 [ERROR] LogOutputStream:75 - [STDERR_REDIRECT] Jul 04, 2024 7:32:07 PM java.util.prefs.FileSystemPreferences$2 run
2024-07-04 19:32:07,593 [ERROR] LogOutputStream:75 - [STDERR_REDIRECT] WARNING: Could not create system preferences directory. System preferences are unusable.
2024-07-04 19:32:07,594 [ERROR] LogOutputStream:75 - [STDERR_REDIRECT] 
2024-07-04 19:32:12,715 [INFO] LogOutputStream:77 - [STDOUT_REDIRECT] 1 : Invalid condition id : UX_CORESTACK_Condition cause : null
2024-07-04 19:32:12,717 [INFO] LogOutputStream:77 - [STDOUT_REDIRECT] 1 : Invalid condition id : UX_CORESTACK_Condition cause : null
2024-07-04 19:32:12,717 [INFO] LogOutputStream:77 - [STDOUT_REDIRECT] 1 : Invalid condition id : UX_CORESTACK_Condition cause : null
2024-07-04 19:32:12,718 [INFO] LogOutputStream:77 - [STDOUT_REDIRECT] 1 : Invalid condition id : UX_CORESTACK_Condition cause : null
2024-07-04 19:32:12,719 [INFO] LogOutputStream:77 - [STDOUT_REDIRECT] 1 : Invalid condition id : UX_CORESTACK_Condition cause : null
2024-07-04 19:32:21,480 [ERROR] LogOutputStream:75 - [STDERR_REDIRECT] Jul 04, 2024 7:32:21 PM java.util.prefs.FileSystemPreferences checkLockFile0ErrorCode
2024-07-04 19:32:21,482 [ERROR] LogOutputStream:75 - [STDERR_REDIRECT] WARNING: Could not lock System prefs. Unix error code 32613.
2024-07-04 19:32:21,482 [ERROR] LogOutputStream:75 - [STDERR_REDIRECT] 
2024-07-04 19:32:21,485 [ERROR] LogOutputStream:75 - [STDERR_REDIRECT] Jul 04, 2024 7:32:21 PM java.util.prefs.FileSystemPreferences syncWorld
2024-07-04 19:32:21,485 [ERROR] LogOutputStream:75 - [STDERR_REDIRECT] WARNING: Couldn't flush system prefs: java.util.prefs.BackingStoreException: Couldn't get file lock.
2024-07-04 19:32:21,486 [ERROR] LogOutputStream:75 - [STDERR_REDIRECT] 
2024-07-04 19:32:51,374 [ERROR] LogOutputStream:75 - [STDERR_REDIRECT] Jul 04, 2024 7:32:51 PM java.util.prefs.FileSystemPreferences checkLockFile0ErrorCode
2024-07-04 19:32:51,375 [ERROR] LogOutputStream:75 - [STDERR_REDIRECT] WARNING: Could not lock System prefs. Unix error code 32613.
2024-07-04 19:32:51,375 [ERROR] LogOutputStream:75 - [STDERR_REDIRECT] 
2024-07-04 19:32:51,376 [ERROR] LogOutputStream:75 - [STDERR_REDIRECT] Jul 04, 2024 7:32:51 PM java.util.prefs.FileSystemPreferences syncWorld
2024-07-04 19:32:51,377 [ERROR] LogOutputStream:75 - [STDERR_REDIRECT] WARNING: Couldn't flush system prefs: java.util.prefs.BackingStoreException: Couldn't get file lock.
2024-07-04 19:32:51,377 [ERROR] LogOutputStream:75 - [STDERR_REDIRECT] 
2024-07-04 19:33:21,364 [ERROR] LogOutputStream:75 - [STDERR_REDIRECT] Jul 04, 2024 7:33:21 PM java.util.prefs.FileSystemPreferences checkLockFile0ErrorCode
2024-07-04 19:33:21,365 [ERROR] LogOutputStream:75 - [STDERR_REDIRECT] WARNING: Could not lock System prefs. Unix error code 32613.
2024-07-04 19:33:21,366 [ERROR] LogOutputStream:75 - [STDERR_REDIRECT] 
2024-07-04 19:33:21,367 [ERROR] LogOutputStream:75 - [STDERR_REDIRECT] Jul 04, 2024 7:33:21 PM java.util.prefs.FileSystemPreferences syncWorld
2024-07-04 19:33:21,368 [ERROR] LogOutputStream:75 - [STDERR_REDIRECT] WARNING: Couldn't flush system prefs: java.util.prefs.BackingStoreException: Couldn't get file lock.
2024-07-04 19:33:21,368 [ERROR] LogOutputStream:75 - [STDERR_REDIRECT] 
2024-07-04 19:33:51,364 [ERROR] LogOutputStream:75 - [STDERR_REDIRECT] Jul 04, 2024 7:33:51 PM java.util.prefs.FileSystemPreferences checkLockFile0ErrorCode
2024-07-04 19:33:51,389 [ERROR] LogOutputStream:75 - [STDERR_REDIRECT] WARNING: Could not lock System prefs. Unix error code 32613.
2024-07-04 19:33:51,390 [ERROR] LogOutputStream:75 - [STDERR_REDIRECT] 
2024-07-04 19:33:51,391 [ERROR] LogOutputStream:75 - [STDERR_REDIRECT] Jul 04, 2024 7:33:51 PM java.util.prefs.FileSystemPreferences syncWorld
2024-07-04 19:33:51,392 [ERROR] LogOutputStream:75 - [STDERR_REDIRECT] WARNING: Couldn't flush system prefs: java.util.prefs.BackingStoreException: Couldn't get file lock.
2024-07-04 19:33:51,393 [ERROR] LogOutputStream:75 - [STDERR_REDIRECT] 
2024-07-04 19:34:21,364 [ERROR] LogOutputStream:75 - [STDERR_REDIRECT] Jul 04, 2024 7:34:21 PM java.util.prefs.FileSystemPreferences checkLockFile0ErrorCode
2024-07-04 19:34:21,364 [ERROR] LogOutputStream:75 - [STDERR_REDIRECT] WARNING: Could not lock System prefs. Unix error code 32613.
2024-07-04 19:34:21,364 [ERROR] LogOutputStream:75 - [STDERR_REDIRECT] 
2024-07-04 19:34:21,365 [ERROR] LogOutputStream:75 - [STDERR_REDIRECT] Jul 04, 2024 7:34:21 PM java.util.prefs.FileSystemPreferences syncWorld
2024-07-04 19:34:21,365 [ERROR] LogOutputStream:75 - [STDERR_REDIRECT] WARNING: Couldn't flush system prefs: java.util.prefs.BackingStoreException: Couldn't get file lock.
2024-07-04 19:34:21,365 [ERROR] LogOutputStream:75 - [STDERR_REDIRECT] 
2024-07-04 19:34:51,364 [ERROR] LogOutputStream:75 - [STDERR_REDIRECT] Jul 04, 2024 7:34:51 PM java.util.prefs.FileSystemPreferences checkLockFile0ErrorCode
2024-07-04 19:34:51,365 [ERROR] LogOutputStream:75 - [STDERR_REDIRECT] WARNING: Could not lock System prefs. Unix error code 32613.
2024-07-04 19:34:51,365 [ERROR] LogOutputStream:75 - [STDERR_REDIRECT] 
2024-07-04 19:34:51,366 [ERROR] LogOutputStream:75 - [STDERR_REDIRECT] Jul 04, 2024 7:34:51 PM java.util.prefs.FileSystemPreferences syncWorld
2024-07-04 19:34:51,366 [ERROR] LogOutputStream:75 - [STDERR_REDIRECT] WARNING: Couldn't flush system prefs: java.util.prefs.BackingStoreException: Couldn't get file lock.
2024-07-04 19:34:51,366 [ERROR] LogOutputStream:75 - [STDERR_REDIRECT] 
2024-07-04 19:35:21,373 [ERROR] LogOutputStream:75 - [STDERR_REDIRECT] Jul 04, 2024 7:35:21 PM java.util.prefs.FileSystemPreferences checkLockFile0ErrorCode
2024-07-04 19:35:21,373 [ERROR] LogOutputStream:75 - [STDERR_REDIRECT] WARNING: Could not lock System prefs. Unix error code 32613.
2024-07-04 19:35:21,374 [ERROR] LogOutputStream:75 - [STDERR_REDIRECT] 
2024-07-04 19:35:21,374 [ERROR] LogOutputStream:75 - [STDERR_REDIRECT] Jul 04, 2024 7:35:21 PM java.util.prefs.FileSystemPreferences syncWorld
2024-07-04 19:35:21,374 [ERROR] LogOutputStream:75 - [STDERR_REDIRECT] WARNING: Couldn't flush system prefs: java.util.prefs.BackingStoreException: Couldn't get file lock.
2024-07-04 19:35:21,375 [ERROR] LogOutputStream:75 - [STDERR_REDIRECT] 
2024-07-04 19:35:51,366 [ERROR] LogOutputStream:75 - [STDERR_REDIRECT] Jul 04, 2024 7:35:51 PM java.util.prefs.FileSystemPreferences checkLockFile0ErrorCode
2024-07-04 19:35:51,367 [ERROR] LogOutputStream:75 - [STDERR_REDIRECT] WARNING: Could not lock System prefs. Unix error code 32613.
2024-07-04 19:35:51,376 [ERROR] LogOutputStream:75 - [STDERR_REDIRECT] 
2024-07-04 19:35:51,377 [ERROR] LogOutputStream:75 - [STDERR_REDIRECT] Jul 04, 2024 7:35:51 PM java.util.prefs.FileSystemPreferences syncWorld
2024-07-04 19:35:51,377 [ERROR] LogOutputStream:75 - [STDERR_REDIRECT] WARNING: Couldn't flush system prefs: java.util.prefs.BackingStoreException: Couldn't get file lock.
2024-07-04 19:35:51,377 [ERROR] LogOutputStream:75 - [STDERR_REDIRECT] 
2024-07-04 19:36:21,369 [ERROR] LogOutputStream:75 - [STDERR_REDIRECT] Jul 04, 2024 7:36:21 PM java.util.prefs.FileSystemPreferences checkLockFile0ErrorCode
2024-07-04 19:36:21,369 [ERROR] LogOutputStream:75 - [STDERR_REDIRECT] WARNING: Could not lock System prefs. Unix error code 32613.
2024-07-04 19:36:21,370 [ERROR] LogOutputStream:75 - [STDERR_REDIRECT] 
2024-07-04 19:36:21,371 [ERROR] LogOutputStream:75 - [STDERR_REDIRECT] Jul 04, 2024 7:36:21 PM java.util.prefs.FileSystemPreferences syncWorld
2024-07-04 19:36:21,372 [ERROR] LogOutputStream:75 - [STDERR_REDIRECT] WARNING: Couldn't flush system prefs: java.util.prefs.BackingStoreException: Couldn't get file lock.
2024-07-04 19:36:21,372 [ERROR] LogOutputStream:75 - [STDERR_REDIRECT] 
2024-07-04 19:36:51,364 [ERROR] LogOutputStream:75 - [STDERR_REDIRECT] Jul 04, 2024 7:36:51 PM java.util.prefs.FileSystemPreferences checkLockFile0ErrorCode
2024-07-04 19:36:51,365 [ERROR] LogOutputStream:75 - [STDERR_REDIRECT] WARNING: Could not lock System prefs. Unix error code 32613.
2024-07-04 19:36:51,365 [ERROR] LogOutputStream:75 - [STDERR_REDIRECT] 
2024-07-04 19:36:51,366 [ERROR] LogOutputStream:75 - [STDERR_REDIRECT] Jul 04, 2024 7:36:51 PM java.util.prefs.FileSystemPreferences syncWorld
2024-07-04 19:36:51,367 [ERROR] LogOutputStream:75 - [STDERR_REDIRECT] WARNING: Couldn't flush system prefs: java.util.prefs.BackingStoreException: Couldn't get file lock.
2024-07-04 19:36:51,367 [ERROR] LogOutputStream:75 - [STDERR_REDIRECT] 
2024-07-04 19:37:21,364 [ERROR] LogOutputStream:75 - [STDERR_REDIRECT] Jul 04, 2024 7:37:21 PM java.util.prefs.FileSystemPreferences checkLockFile0ErrorCode
2024-07-04 19:37:21,364 [ERROR] LogOutputStream:75 - [STDERR_REDIRECT] WARNING: Could not lock System prefs. Unix error code 32613.
2024-07-04 19:37:21,364 [ERROR] LogOutputStream:75 - [STDERR_REDIRECT] 
2024-07-04 19:37:21,365 [ERROR] LogOutputStream:75 - [STDERR_REDIRECT] Jul 04, 2024 7:37:21 PM java.util.prefs.FileSystemPreferences syncWorld
2024-07-04 19:37:21,365 [ERROR] LogOutputStream:75 - [STDERR_REDIRECT] WARNING: Couldn't flush system prefs: java.util.prefs.BackingStoreException: Couldn't get file lock.
2024-07-04 19:37:21,366 [ERROR] LogOutputStream:75 - [STDERR_REDIRECT] 
2024-07-04 19:37:51,364 [ERROR] LogOutputStream:75 - [STDERR_REDIRECT] Jul 04, 2024 7:37:51 PM java.util.prefs.FileSystemPreferences checkLockFile0ErrorCode
2024-07-04 19:37:51,364 [ERROR] LogOutputStream:75 - [STDERR_REDIRECT] WARNING: Could not lock System prefs. Unix error code 32613.
2024-07-04 19:37:51,365 [ERROR] LogOutputStream:75 - [STDERR_REDIRECT] 
2024-07-04 19:37:51,366 [ERROR] LogOutputStream:75 - [STDERR_REDIRECT] Jul 04, 2024 7:37:51 PM java.util.prefs.FileSystemPreferences syncWorld
2024-07-04 19:37:51,366 [ERROR] LogOutputStream:75 - [STDERR_REDIRECT] WARNING: Couldn't flush system prefs: java.util.prefs.BackingStoreException: Couldn't get file lock.
2024-07-04 19:37:51,366 [ERROR] LogOutputStream:75 - [STDERR_REDIRECT] 
2024-07-04 19:38:21,364 [ERROR] LogOutputStream:75 - [STDERR_REDIRECT] Jul 04, 2024 7:38:21 PM java.util.prefs.FileSystemPreferences checkLockFile0ErrorCode
2024-07-04 19:38:21,365 [ERROR] LogOutputStream:75 - [STDERR_REDIRECT] WARNING: Could not lock System prefs. Unix error code 32613.
2024-07-04 19:38:21,365 [ERROR] LogOutputStream:75 - [STDERR_REDIRECT] 
2024-07-04 19:38:21,366 [ERROR] LogOutputStream:75 - [STDERR_REDIRECT] Jul 04, 2024 7:38:21 PM java.util.prefs.FileSystemPreferences syncWorld
2024-07-04 19:38:21,367 [ERROR] LogOutputStream:75 - [STDERR_REDIRECT] WARNING: Couldn't flush system prefs: java.util.prefs.BackingStoreException: Couldn't get file lock.
2024-07-04 19:38:21,367 [ERROR] LogOutputStream:75 - [STDERR_REDIRECT] 
2024-07-04 19:38:51,364 [ERROR] LogOutputStream:75 - [STDERR_REDIRECT] Jul 04, 2024 7:38:51 PM java.util.prefs.FileSystemPreferences checkLockFile0ErrorCode
2024-07-04 19:38:51,365 [ERROR] LogOutputStream:75 - [STDERR_REDIRECT] WARNING: Could not lock System prefs. Unix error code 32613.
2024-07-04 19:38:51,366 [ERROR] LogOutputStream:75 - [STDERR_REDIRECT] 
2024-07-04 19:38:51,368 [ERROR] LogOutputStream:75 - [STDERR_REDIRECT] Jul 04, 2024 7:38:51 PM java.util.prefs.FileSystemPreferences syncWorld
2024-07-04 19:38:51,369 [ERROR] LogOutputStream:75 - [STDERR_REDIRECT] WARNING: Couldn't flush system prefs: java.util.prefs.BackingStoreException: Couldn't get file lock.
2024-07-04 19:38:51,369 [ERROR] LogOutputStream:75 - [STDERR_REDIRECT] 
2024-07-04 19:39:21,365 [ERROR] LogOutputStream:75 - [STDERR_REDIRECT] Jul 04, 2024 7:39:21 PM java.util.prefs.FileSystemPreferences checkLockFile0ErrorCode
2024-07-04 19:39:21,365 [ERROR] LogOutputStream:75 - [STDERR_REDIRECT] WARNING: Could not lock System prefs. Unix error code 32613.
2024-07-04 19:39:21,365 [ERROR] LogOutputStream:75 - [STDERR_REDIRECT] 
2024-07-04 19:39:21,367 [ERROR] LogOutputStream:75 - [STDERR_REDIRECT] Jul 04, 2024 7:39:21 PM java.util.prefs.FileSystemPreferences syncWorld
2024-07-04 19:39:21,367 [ERROR] LogOutputStream:75 - [STDERR_REDIRECT] WARNING: Couldn't flush system prefs: java.util.prefs.BackingStoreException: Couldn't get file lock.
2024-07-04 19:39:21,368 [ERROR] LogOutputStream:75 - [STDERR_REDIRECT] 
2024-07-04 19:39:51,365 [ERROR] LogOutputStream:75 - [STDERR_REDIRECT] Jul 04, 2024 7:39:51 PM java.util.prefs.FileSystemPreferences checkLockFile0ErrorCode
2024-07-04 19:39:51,365 [ERROR] LogOutputStream:75 - [STDERR_REDIRECT] WARNING: Could not lock System prefs. Unix error code 32613.
2024-07-04 19:39:51,365 [ERROR] LogOutputStream:75 - [STDERR_REDIRECT] 
2024-07-04 19:39:51,366 [ERROR] LogOutputStream:75 - [STDERR_REDIRECT] Jul 04, 2024 7:39:51 PM java.util.prefs.FileSystemPreferences syncWorld
2024-07-04 19:39:51,367 [ERROR] LogOutputStream:75 - [STDERR_REDIRECT] WARNING: Couldn't flush system prefs: java.util.prefs.BackingStoreException: Couldn't get file lock.
2024-07-04 19:39:51,367 [ERROR] LogOutputStream:75 - [STDERR_REDIRECT] 
2024-07-04 19:40:21,365 [ERROR] LogOutputStream:75 - [STDERR_REDIRECT] Jul 04, 2024 7:40:21 PM java.util.prefs.FileSystemPreferences checkLockFile0ErrorCode
2024-07-04 19:40:21,366 [ERROR] LogOutputStream:75 - [STDERR_REDIRECT] WARNING: Could not lock System prefs. Unix error code 32613.
2024-07-04 19:40:21,366 [ERROR] LogOutputStream:75 - [STDERR_REDIRECT] 
2024-07-04 19:40:21,367 [ERROR] LogOutputStream:75 - [STDERR_REDIRECT] Jul 04, 2024 7:40:21 PM java.util.prefs.FileSystemPreferences syncWorld
2024-07-04 19:40:21,368 [ERROR] LogOutputStream:75 - [STDERR_REDIRECT] WARNING: Couldn't flush system prefs: java.util.prefs.BackingStoreException: Couldn't get file lock.
2024-07-04 19:40:21,368 [ERROR] LogOutputStream:75 - [STDERR_REDIRECT] 
2024-07-04 19:40:51,366 [ERROR] LogOutputStream:75 - [STDERR_REDIRECT] Jul 04, 2024 7:40:51 PM java.util.prefs.FileSystemPreferences checkLockFile0ErrorCode
2024-07-04 19:40:51,366 [ERROR] LogOutputStream:75 - [STDERR_REDIRECT] WARNING: Could not lock System prefs. Unix error code 32613.
2024-07-04 19:40:51,367 [ERROR] LogOutputStream:75 - [STDERR_REDIRECT] 
2024-07-04 19:40:51,370 [ERROR] LogOutputStream:75 - [STDERR_REDIRECT] Jul 04, 2024 7:40:51 PM java.util.prefs.FileSystemPreferences syncWorld
2024-07-04 19:40:51,371 [ERROR] LogOutputStream:75 - [STDERR_REDIRECT] WARNING: Couldn't flush system prefs: java.util.prefs.BackingStoreException: Couldn't get file lock.
2024-07-04 19:40:51,372 [ERROR] LogOutputStream:75 - [STDERR_REDIRECT] 
2024-07-04 19:41:21,365 [ERROR] LogOutputStream:75 - [STDERR_REDIRECT] Jul 04, 2024 7:41:21 PM java.util.prefs.FileSystemPreferences checkLockFile0ErrorCode
2024-07-04 19:41:21,367 [ERROR] LogOutputStream:75 - [STDERR_REDIRECT] WARNING: Could not lock System prefs. Unix error code 32613.
2024-07-04 19:41:21,367 [ERROR] LogOutputStream:75 - [STDERR_REDIRECT] 
2024-07-04 19:41:21,368 [ERROR] LogOutputStream:75 - [STDERR_REDIRECT] Jul 04, 2024 7:41:21 PM java.util.prefs.FileSystemPreferences syncWorld
2024-07-04 19:41:21,368 [ERROR] LogOutputStream:75 - [STDERR_REDIRECT] WARNING: Couldn't flush system prefs: java.util.prefs.BackingStoreException: Couldn't get file lock.
2024-07-04 19:41:21,368 [ERROR] LogOutputStream:75 - [STDERR_REDIRECT] 
2024-07-04 19:41:51,365 [ERROR] LogOutputStream:75 - [STDERR_REDIRECT] Jul 04, 2024 7:41:51 PM java.util.prefs.FileSystemPreferences checkLockFile0ErrorCode
2024-07-04 19:41:51,366 [ERROR] LogOutputStream:75 - [STDERR_REDIRECT] WARNING: Could not lock System prefs. Unix error code 32613.
2024-07-04 19:41:51,366 [ERROR] LogOutputStream:75 - [STDERR_REDIRECT] 
2024-07-04 19:41:51,367 [ERROR] LogOutputStream:75 - [STDERR_REDIRECT] Jul 04, 2024 7:41:51 PM java.util.prefs.FileSystemPreferences syncWorld
2024-07-04 19:41:51,367 [ERROR] LogOutputStream:75 - [STDERR_REDIRECT] WARNING: Couldn't flush system prefs: java.util.prefs.BackingStoreException: Couldn't get file lock.
2024-07-04 19:41:51,368 [ERROR] LogOutputStream:75 - [STDERR_REDIRECT] 
2024-07-04 19:42:21,365 [ERROR] LogOutputStream:75 - [STDERR_REDIRECT] Jul 04, 2024 7:42:21 PM java.util.prefs.FileSystemPreferences checkLockFile0ErrorCode
2024-07-04 19:42:21,366 [ERROR] LogOutputStream:75 - [STDERR_REDIRECT] WARNING: Could not lock System prefs. Unix error code 32613.
2024-07-04 19:42:21,367 [ERROR] LogOutputStream:75 - [STDERR_REDIRECT] 
2024-07-04 19:42:21,368 [ERROR] LogOutputStream:75 - [STDERR_REDIRECT] Jul 04, 2024 7:42:21 PM java.util.prefs.FileSystemPreferences syncWorld
2024-07-04 19:42:21,368 [ERROR] LogOutputStream:75 - [STDERR_REDIRECT] WARNING: Couldn't flush system prefs: java.util.prefs.BackingStoreException: Couldn't get file lock.
2024-07-04 19:42:21,369 [ERROR] LogOutputStream:75 - [STDERR_REDIRECT] 
2024-07-04 19:42:51,366 [ERROR] LogOutputStream:75 - [STDERR_REDIRECT] Jul 04, 2024 7:42:51 PM java.util.prefs.FileSystemPreferences checkLockFile0ErrorCode
2024-07-04 19:42:51,366 [ERROR] LogOutputStream:75 - [STDERR_REDIRECT] WARNING: Could not lock System prefs. Unix error code 32613.
2024-07-04 19:42:51,367 [ERROR] LogOutputStream:75 - [STDERR_REDIRECT] 
2024-07-04 19:42:51,368 [ERROR] LogOutputStream:75 - [STDERR_REDIRECT] Jul 04, 2024 7:42:51 PM java.util.prefs.FileSystemPreferences syncWorld
2024-07-04 19:42:51,368 [ERROR] LogOutputStream:75 - [STDERR_REDIRECT] WARNING: Couldn't flush system prefs: java.util.prefs.BackingStoreException: Couldn't get file lock.
2024-07-04 19:42:51,368 [ERROR] LogOutputStream:75 - [STDERR_REDIRECT] 
2024-07-04 19:43:21,365 [ERROR] LogOutputStream:75 - [STDERR_REDIRECT] Jul 04, 2024 7:43:21 PM java.util.prefs.FileSystemPreferences checkLockFile0ErrorCode
2024-07-04 19:43:21,366 [ERROR] LogOutputStream:75 - [STDERR_REDIRECT] WARNING: Could not lock System prefs. Unix error code 32613.
2024-07-04 19:43:21,366 [ERROR] LogOutputStream:75 - [STDERR_REDIRECT] 
2024-07-04 19:43:21,368 [ERROR] LogOutputStream:75 - [STDERR_REDIRECT] Jul 04, 2024 7:43:21 PM java.util.prefs.FileSystemPreferences syncWorld
2024-07-04 19:43:21,369 [ERROR] LogOutputStream:75 - [STDERR_REDIRECT] WARNING: Couldn't flush system prefs: java.util.prefs.BackingStoreException: Couldn't get file lock.
2024-07-04 19:43:21,370 [ERROR] LogOutputStream:75 - [STDERR_REDIRECT] 
2024-07-04 19:43:51,365 [ERROR] LogOutputStream:75 - [STDERR_REDIRECT] Jul 04, 2024 7:43:51 PM java.util.prefs.FileSystemPreferences checkLockFile0ErrorCode
2024-07-04 19:43:51,366 [ERROR] LogOutputStream:75 - [STDERR_REDIRECT] WARNING: Could not lock System prefs. Unix error code 32613.
2024-07-04 19:43:51,366 [ERROR] LogOutputStream:75 - [STDERR_REDIRECT] 
2024-07-04 19:43:51,367 [ERROR] LogOutputStream:75 - [STDERR_REDIRECT] Jul 04, 2024 7:43:51 PM java.util.prefs.FileSystemPreferences syncWorld
2024-07-04 19:43:51,367 [ERROR] LogOutputStream:75 - [STDERR_REDIRECT] WARNING: Couldn't flush system prefs: java.util.prefs.BackingStoreException: Couldn't get file lock.
2024-07-04 19:43:51,368 [ERROR] LogOutputStream:75 - [STDERR_REDIRECT] 
2024-07-04 19:44:21,366 [ERROR] LogOutputStream:75 - [STDERR_REDIRECT] Jul 04, 2024 7:44:21 PM java.util.prefs.FileSystemPreferences checkLockFile0ErrorCode
2024-07-04 19:44:21,367 [ERROR] LogOutputStream:75 - [STDERR_REDIRECT] WARNING: Could not lock System prefs. Unix error code 32613.
2024-07-04 19:44:21,367 [ERROR] LogOutputStream:75 - [STDERR_REDIRECT] 
2024-07-04 19:44:21,368 [ERROR] LogOutputStream:75 - [STDERR_REDIRECT] Jul 04, 2024 7:44:21 PM java.util.prefs.FileSystemPreferences syncWorld
2024-07-04 19:44:21,368 [ERROR] LogOutputStream:75 - [STDERR_REDIRECT] WARNING: Couldn't flush system prefs: java.util.prefs.BackingStoreException: Couldn't get file lock.
2024-07-04 19:44:21,368 [ERROR] LogOutputStream:75 - [STDERR_REDIRECT] 
2024-07-04 19:44:51,366 [ERROR] LogOutputStream:75 - [STDERR_REDIRECT] Jul 04, 2024 7:44:51 PM java.util.prefs.FileSystemPreferences checkLockFile0ErrorCode
2024-07-04 19:44:51,366 [ERROR] LogOutputStream:75 - [STDERR_REDIRECT] WARNING: Could not lock System prefs. Unix error code 32613.
2024-07-04 19:44:51,366 [ERROR] LogOutputStream:75 - [STDERR_REDIRECT] 
2024-07-04 19:44:51,367 [ERROR] LogOutputStream:75 - [STDERR_REDIRECT] Jul 04, 2024 7:44:51 PM java.util.prefs.FileSystemPreferences syncWorld
2024-07-04 19:44:51,368 [ERROR] LogOutputStream:75 - [STDERR_REDIRECT] WARNING: Couldn't flush system prefs: java.util.prefs.BackingStoreException: Couldn't get file lock.
2024-07-04 19:44:51,368 [ERROR] LogOutputStream:75 - [STDERR_REDIRECT] 
2024-07-04 19:45:21,377 [ERROR] LogOutputStream:75 - [STDERR_REDIRECT] Jul 04, 2024 7:45:21 PM java.util.prefs.FileSystemPreferences checkLockFile0ErrorCode
2024-07-04 19:45:21,386 [ERROR] LogOutputStream:75 - [STDERR_REDIRECT] WARNING: Could not lock System prefs. Unix error code 32613.
2024-07-04 19:45:21,387 [ERROR] LogOutputStream:75 - [STDERR_REDIRECT] 
2024-07-04 19:45:21,391 [ERROR] LogOutputStream:75 - [STDERR_REDIRECT] Jul 04, 2024 7:45:21 PM java.util.prefs.FileSystemPreferences syncWorld
2024-07-04 19:45:21,392 [ERROR] LogOutputStream:75 - [STDERR_REDIRECT] WARNING: Couldn't flush system prefs: java.util.prefs.BackingStoreException: Couldn't get file lock.
2024-07-04 19:45:21,392 [ERROR] LogOutputStream:75 - [STDERR_REDIRECT] 
2024-07-04 19:45:51,367 [ERROR] LogOutputStream:75 - [STDERR_REDIRECT] Jul 04, 2024 7:45:51 PM java.util.prefs.FileSystemPreferences checkLockFile0ErrorCode
2024-07-04 19:45:51,368 [ERROR] LogOutputStream:75 - [STDERR_REDIRECT] WARNING: Could not lock System prefs. Unix error code 32613.
2024-07-04 19:45:51,369 [ERROR] LogOutputStream:75 - [STDERR_REDIRECT] 
2024-07-04 19:45:51,370 [ERROR] LogOutputStream:75 - [STDERR_REDIRECT] Jul 04, 2024 7:45:51 PM java.util.prefs.FileSystemPreferences syncWorld
2024-07-04 19:45:51,370 [ERROR] LogOutputStream:75 - [STDERR_REDIRECT] WARNING: Couldn't flush system prefs: java.util.prefs.BackingStoreException: Couldn't get file lock.
2024-07-04 19:45:51,370 [ERROR] LogOutputStream:75 - [STDERR_REDIRECT] 
2024-07-04 19:46:01,329 [ERROR] LogOutputStream:75 - [STDERR_REDIRECT] 
2024-07-04 19:46:01,333 [ERROR] LogOutputStream:75 - [STDERR_REDIRECT] 
