2024-08-15 17:05:55,922 [INFO] Activator:176 - 


2024-08-15 17:05:55,949 [INFO] Activator:177 - !SESSION log4j initialized
2024-08-15 17:06:05,936 [INFO] LogOutputStream:77 - [STDOUT_REDIRECT] 
2024-08-15 17:06:17,746 [ERROR] LogOutputStream:75 - [STDERR_REDIRECT] java.net.URISyntaxException: Illegal character in path at index 29: file:/home/ubuntu/Desktop/MSc in Embedded Systems/2. Programación de Microcontroladores (PdM)/PdM_VAZQUEZ_workspace/.metadata/.log4j2.xml
2024-08-15 17:06:17,747 [ERROR] LogOutputStream:75 - [STDERR_REDIRECT] 	at java.base/java.net.URI$Parser.fail(URI.java:2976)
2024-08-15 17:06:17,747 [ERROR] LogOutputStream:75 - [STDERR_REDIRECT] 	at java.base/java.net.URI$Parser.checkChars(URI.java:3147)
2024-08-15 17:06:17,747 [ERROR] LogOutputStream:75 - [STDERR_REDIRECT] 	at java.base/java.net.URI$Parser.parseHierarchical(URI.java:3229)
2024-08-15 17:06:17,748 [ERROR] LogOutputStream:75 - [STDERR_REDIRECT] 	at java.base/java.net.URI$Parser.parse(URI.java:3177)
2024-08-15 17:06:17,748 [ERROR] LogOutputStream:75 - [STDERR_REDIRECT] 	at java.base/java.net.URI.<init>(URI.java:623)
2024-08-15 17:06:17,748 [ERROR] LogOutputStream:75 - [STDERR_REDIRECT] 	at java.base/java.net.URL.toURI(URL.java:1056)
2024-08-15 17:06:17,748 [ERROR] LogOutputStream:75 - [STDERR_REDIRECT] 	at com.st.stm32cube.common.mx.core.CubeMxInstance.getInstance(CubeMxInstance.java:81)
2024-08-15 17:06:17,749 [ERROR] LogOutputStream:75 - [STDERR_REDIRECT] 	at com.st.stm32cube.common.mx.userauth.UserAuthAdapter.<init>(UserAuthAdapter.java:25)
2024-08-15 17:06:17,749 [ERROR] LogOutputStream:75 - [STDERR_REDIRECT] 	at com.st.stm32cube.common.mx.userauth.UserAuthProvider.getUserAuthAdapter(UserAuthProvider.java:16)
2024-08-15 17:06:17,749 [ERROR] LogOutputStream:75 - [STDERR_REDIRECT] 	at com.st.stm32cube.common.ecosystemintegration.ui.core.MCUEcoSystemIntegrationUiHelper.getUserAuth(MCUEcoSystemIntegrationUiHelper.java:100)
2024-08-15 17:06:17,749 [ERROR] LogOutputStream:75 - [STDERR_REDIRECT] 	at com.st.stm32cube.ide.mcu.userauth.UserAuthStartup.earlyStartup(UserAuthStartup.java:41)
2024-08-15 17:06:17,749 [ERROR] LogOutputStream:75 - [STDERR_REDIRECT] 	at org.eclipse.ui.internal.EarlyStartupRunnable.runEarlyStartup(EarlyStartupRunnable.java:79)
2024-08-15 17:06:17,750 [ERROR] LogOutputStream:75 - [STDERR_REDIRECT] 	at org.eclipse.ui.internal.EarlyStartupRunnable.run(EarlyStartupRunnable.java:55)
2024-08-15 17:06:17,750 [ERROR] LogOutputStream:75 - [STDERR_REDIRECT] 	at org.eclipse.core.runtime.SafeRunner.run(SafeRunner.java:47)
2024-08-15 17:06:17,750 [ERROR] LogOutputStream:75 - [STDERR_REDIRECT] 	at org.eclipse.ui.internal.Workbench$39.run(Workbench.java:2762)
2024-08-15 17:06:17,750 [ERROR] LogOutputStream:75 - [STDERR_REDIRECT] 	at org.eclipse.core.internal.jobs.Worker.run(Worker.java:63)
2024-08-15 17:06:22,879 [ERROR] LogOutputStream:75 - [STDERR_REDIRECT] Aug 15, 2024 5:06:22 PM java.util.prefs.FileSystemPreferences$2 run
2024-08-15 17:06:22,879 [ERROR] LogOutputStream:75 - [STDERR_REDIRECT] WARNING: Could not create system preferences directory. System preferences are unusable.
2024-08-15 17:06:22,880 [ERROR] LogOutputStream:75 - [STDERR_REDIRECT] 
2024-08-15 17:06:25,791 [INFO] LogOutputStream:77 - [STDOUT_REDIRECT] 1 : Invalid condition id : UX_CORESTACK_Condition cause : null
2024-08-15 17:06:25,792 [INFO] LogOutputStream:77 - [STDOUT_REDIRECT] 1 : Invalid condition id : UX_CORESTACK_Condition cause : null
2024-08-15 17:06:25,792 [INFO] LogOutputStream:77 - [STDOUT_REDIRECT] 1 : Invalid condition id : UX_CORESTACK_Condition cause : null
2024-08-15 17:06:25,792 [INFO] LogOutputStream:77 - [STDOUT_REDIRECT] 1 : Invalid condition id : UX_CORESTACK_Condition cause : null
2024-08-15 17:06:25,793 [INFO] LogOutputStream:77 - [STDOUT_REDIRECT] 1 : Invalid condition id : UX_CORESTACK_Condition cause : null
2024-08-15 17:06:28,168 [ERROR] LogOutputStream:75 - [STDERR_REDIRECT] Aug 15, 2024 5:06:28 PM java.util.prefs.FileSystemPreferences checkLockFile0ErrorCode
2024-08-15 17:06:28,169 [ERROR] LogOutputStream:75 - [STDERR_REDIRECT] WARNING: Could not lock System prefs. Unix error code 32753.
2024-08-15 17:06:28,169 [ERROR] LogOutputStream:75 - [STDERR_REDIRECT] 
2024-08-15 17:06:28,170 [ERROR] LogOutputStream:75 - [STDERR_REDIRECT] Aug 15, 2024 5:06:28 PM java.util.prefs.FileSystemPreferences syncWorld
2024-08-15 17:06:28,170 [ERROR] LogOutputStream:75 - [STDERR_REDIRECT] WARNING: Couldn't flush system prefs: java.util.prefs.BackingStoreException: Couldn't get file lock.
2024-08-15 17:06:28,170 [ERROR] LogOutputStream:75 - [STDERR_REDIRECT] 
2024-08-15 17:06:58,131 [ERROR] LogOutputStream:75 - [STDERR_REDIRECT] Aug 15, 2024 5:06:58 PM java.util.prefs.FileSystemPreferences checkLockFile0ErrorCode
2024-08-15 17:06:58,131 [ERROR] LogOutputStream:75 - [STDERR_REDIRECT] WARNING: Could not lock System prefs. Unix error code 32753.
2024-08-15 17:06:58,131 [ERROR] LogOutputStream:75 - [STDERR_REDIRECT] 
2024-08-15 17:06:58,132 [ERROR] LogOutputStream:75 - [STDERR_REDIRECT] Aug 15, 2024 5:06:58 PM java.util.prefs.FileSystemPreferences syncWorld
2024-08-15 17:06:58,132 [ERROR] LogOutputStream:75 - [STDERR_REDIRECT] WARNING: Couldn't flush system prefs: java.util.prefs.BackingStoreException: Couldn't get file lock.
2024-08-15 17:06:58,132 [ERROR] LogOutputStream:75 - [STDERR_REDIRECT] 
2024-08-15 17:07:28,132 [ERROR] LogOutputStream:75 - [STDERR_REDIRECT] Aug 15, 2024 5:07:28 PM java.util.prefs.FileSystemPreferences checkLockFile0ErrorCode
2024-08-15 17:07:28,132 [ERROR] LogOutputStream:75 - [STDERR_REDIRECT] WARNING: Could not lock System prefs. Unix error code 32753.
2024-08-15 17:07:28,132 [ERROR] LogOutputStream:75 - [STDERR_REDIRECT] 
2024-08-15 17:07:28,133 [ERROR] LogOutputStream:75 - [STDERR_REDIRECT] Aug 15, 2024 5:07:28 PM java.util.prefs.FileSystemPreferences syncWorld
2024-08-15 17:07:28,133 [ERROR] LogOutputStream:75 - [STDERR_REDIRECT] WARNING: Couldn't flush system prefs: java.util.prefs.BackingStoreException: Couldn't get file lock.
2024-08-15 17:07:28,133 [ERROR] LogOutputStream:75 - [STDERR_REDIRECT] 
2024-08-15 17:07:58,131 [ERROR] LogOutputStream:75 - [STDERR_REDIRECT] Aug 15, 2024 5:07:58 PM java.util.prefs.FileSystemPreferences checkLockFile0ErrorCode
2024-08-15 17:07:58,131 [ERROR] LogOutputStream:75 - [STDERR_REDIRECT] WARNING: Could not lock System prefs. Unix error code 32753.
2024-08-15 17:07:58,132 [ERROR] LogOutputStream:75 - [STDERR_REDIRECT] 
2024-08-15 17:07:58,132 [ERROR] LogOutputStream:75 - [STDERR_REDIRECT] Aug 15, 2024 5:07:58 PM java.util.prefs.FileSystemPreferences syncWorld
2024-08-15 17:07:58,132 [ERROR] LogOutputStream:75 - [STDERR_REDIRECT] WARNING: Couldn't flush system prefs: java.util.prefs.BackingStoreException: Couldn't get file lock.
2024-08-15 17:07:58,132 [ERROR] LogOutputStream:75 - [STDERR_REDIRECT] 
2024-08-15 17:08:28,131 [ERROR] LogOutputStream:75 - [STDERR_REDIRECT] Aug 15, 2024 5:08:28 PM java.util.prefs.FileSystemPreferences checkLockFile0ErrorCode
2024-08-15 17:08:28,132 [ERROR] LogOutputStream:75 - [STDERR_REDIRECT] WARNING: Could not lock System prefs. Unix error code 32753.
2024-08-15 17:08:28,132 [ERROR] LogOutputStream:75 - [STDERR_REDIRECT] 
2024-08-15 17:08:28,132 [ERROR] LogOutputStream:75 - [STDERR_REDIRECT] Aug 15, 2024 5:08:28 PM java.util.prefs.FileSystemPreferences syncWorld
2024-08-15 17:08:28,132 [ERROR] LogOutputStream:75 - [STDERR_REDIRECT] WARNING: Couldn't flush system prefs: java.util.prefs.BackingStoreException: Couldn't get file lock.
2024-08-15 17:08:28,132 [ERROR] LogOutputStream:75 - [STDERR_REDIRECT] 
2024-08-15 17:08:58,131 [ERROR] LogOutputStream:75 - [STDERR_REDIRECT] Aug 15, 2024 5:08:58 PM java.util.prefs.FileSystemPreferences checkLockFile0ErrorCode
2024-08-15 17:08:58,132 [ERROR] LogOutputStream:75 - [STDERR_REDIRECT] WARNING: Could not lock System prefs. Unix error code 32753.
2024-08-15 17:08:58,132 [ERROR] LogOutputStream:75 - [STDERR_REDIRECT] 
2024-08-15 17:08:58,133 [ERROR] LogOutputStream:75 - [STDERR_REDIRECT] Aug 15, 2024 5:08:58 PM java.util.prefs.FileSystemPreferences syncWorld
2024-08-15 17:08:58,133 [ERROR] LogOutputStream:75 - [STDERR_REDIRECT] WARNING: Couldn't flush system prefs: java.util.prefs.BackingStoreException: Couldn't get file lock.
2024-08-15 17:08:58,133 [ERROR] LogOutputStream:75 - [STDERR_REDIRECT] 
2024-08-15 17:09:28,134 [ERROR] LogOutputStream:75 - [STDERR_REDIRECT] Aug 15, 2024 5:09:28 PM java.util.prefs.FileSystemPreferences checkLockFile0ErrorCode
2024-08-15 17:09:28,134 [ERROR] LogOutputStream:75 - [STDERR_REDIRECT] WARNING: Could not lock System prefs. Unix error code 32753.
2024-08-15 17:09:28,135 [ERROR] LogOutputStream:75 - [STDERR_REDIRECT] 
2024-08-15 17:09:28,135 [ERROR] LogOutputStream:75 - [STDERR_REDIRECT] Aug 15, 2024 5:09:28 PM java.util.prefs.FileSystemPreferences syncWorld
2024-08-15 17:09:28,135 [ERROR] LogOutputStream:75 - [STDERR_REDIRECT] WARNING: Couldn't flush system prefs: java.util.prefs.BackingStoreException: Couldn't get file lock.
2024-08-15 17:09:28,135 [ERROR] LogOutputStream:75 - [STDERR_REDIRECT] 
2024-08-15 17:09:58,133 [ERROR] LogOutputStream:75 - [STDERR_REDIRECT] Aug 15, 2024 5:09:58 PM java.util.prefs.FileSystemPreferences checkLockFile0ErrorCode
2024-08-15 17:09:58,133 [ERROR] LogOutputStream:75 - [STDERR_REDIRECT] WARNING: Could not lock System prefs. Unix error code 32753.
2024-08-15 17:09:58,134 [ERROR] LogOutputStream:75 - [STDERR_REDIRECT] 
2024-08-15 17:09:58,134 [ERROR] LogOutputStream:75 - [STDERR_REDIRECT] Aug 15, 2024 5:09:58 PM java.util.prefs.FileSystemPreferences syncWorld
2024-08-15 17:09:58,134 [ERROR] LogOutputStream:75 - [STDERR_REDIRECT] WARNING: Couldn't flush system prefs: java.util.prefs.BackingStoreException: Couldn't get file lock.
2024-08-15 17:09:58,134 [ERROR] LogOutputStream:75 - [STDERR_REDIRECT] 
2024-08-15 17:10:28,132 [ERROR] LogOutputStream:75 - [STDERR_REDIRECT] Aug 15, 2024 5:10:28 PM java.util.prefs.FileSystemPreferences checkLockFile0ErrorCode
2024-08-15 17:10:28,133 [ERROR] LogOutputStream:75 - [STDERR_REDIRECT] WARNING: Could not lock System prefs. Unix error code 32753.
2024-08-15 17:10:28,133 [ERROR] LogOutputStream:75 - [STDERR_REDIRECT] 
2024-08-15 17:10:28,133 [ERROR] LogOutputStream:75 - [STDERR_REDIRECT] Aug 15, 2024 5:10:28 PM java.util.prefs.FileSystemPreferences syncWorld
2024-08-15 17:10:28,134 [ERROR] LogOutputStream:75 - [STDERR_REDIRECT] WARNING: Couldn't flush system prefs: java.util.prefs.BackingStoreException: Couldn't get file lock.
2024-08-15 17:10:28,134 [ERROR] LogOutputStream:75 - [STDERR_REDIRECT] 
2024-08-15 17:10:58,132 [ERROR] LogOutputStream:75 - [STDERR_REDIRECT] Aug 15, 2024 5:10:58 PM java.util.prefs.FileSystemPreferences checkLockFile0ErrorCode
2024-08-15 17:10:58,133 [ERROR] LogOutputStream:75 - [STDERR_REDIRECT] WARNING: Could not lock System prefs. Unix error code 32753.
2024-08-15 17:10:58,133 [ERROR] LogOutputStream:75 - [STDERR_REDIRECT] 
2024-08-15 17:10:58,133 [ERROR] LogOutputStream:75 - [STDERR_REDIRECT] Aug 15, 2024 5:10:58 PM java.util.prefs.FileSystemPreferences syncWorld
2024-08-15 17:10:58,134 [ERROR] LogOutputStream:75 - [STDERR_REDIRECT] WARNING: Couldn't flush system prefs: java.util.prefs.BackingStoreException: Couldn't get file lock.
2024-08-15 17:10:58,134 [ERROR] LogOutputStream:75 - [STDERR_REDIRECT] 
2024-08-15 17:11:28,132 [ERROR] LogOutputStream:75 - [STDERR_REDIRECT] Aug 15, 2024 5:11:28 PM java.util.prefs.FileSystemPreferences checkLockFile0ErrorCode
2024-08-15 17:11:28,132 [ERROR] LogOutputStream:75 - [STDERR_REDIRECT] WARNING: Could not lock System prefs. Unix error code 32753.
2024-08-15 17:11:28,132 [ERROR] LogOutputStream:75 - [STDERR_REDIRECT] 
2024-08-15 17:11:28,132 [ERROR] LogOutputStream:75 - [STDERR_REDIRECT] Aug 15, 2024 5:11:28 PM java.util.prefs.FileSystemPreferences syncWorld
2024-08-15 17:11:28,133 [ERROR] LogOutputStream:75 - [STDERR_REDIRECT] WARNING: Couldn't flush system prefs: java.util.prefs.BackingStoreException: Couldn't get file lock.
2024-08-15 17:11:28,133 [ERROR] LogOutputStream:75 - [STDERR_REDIRECT] 
2024-08-15 17:11:58,131 [ERROR] LogOutputStream:75 - [STDERR_REDIRECT] Aug 15, 2024 5:11:58 PM java.util.prefs.FileSystemPreferences checkLockFile0ErrorCode
2024-08-15 17:11:58,131 [ERROR] LogOutputStream:75 - [STDERR_REDIRECT] WARNING: Could not lock System prefs. Unix error code 32753.
2024-08-15 17:11:58,132 [ERROR] LogOutputStream:75 - [STDERR_REDIRECT] 
2024-08-15 17:11:58,132 [ERROR] LogOutputStream:75 - [STDERR_REDIRECT] Aug 15, 2024 5:11:58 PM java.util.prefs.FileSystemPreferences syncWorld
2024-08-15 17:11:58,132 [ERROR] LogOutputStream:75 - [STDERR_REDIRECT] WARNING: Couldn't flush system prefs: java.util.prefs.BackingStoreException: Couldn't get file lock.
2024-08-15 17:11:58,132 [ERROR] LogOutputStream:75 - [STDERR_REDIRECT] 
2024-08-15 17:12:28,132 [ERROR] LogOutputStream:75 - [STDERR_REDIRECT] Aug 15, 2024 5:12:28 PM java.util.prefs.FileSystemPreferences checkLockFile0ErrorCode
2024-08-15 17:12:28,133 [ERROR] LogOutputStream:75 - [STDERR_REDIRECT] WARNING: Could not lock System prefs. Unix error code 32753.
2024-08-15 17:12:28,133 [ERROR] LogOutputStream:75 - [STDERR_REDIRECT] 
2024-08-15 17:12:28,133 [ERROR] LogOutputStream:75 - [STDERR_REDIRECT] Aug 15, 2024 5:12:28 PM java.util.prefs.FileSystemPreferences syncWorld
2024-08-15 17:12:28,133 [ERROR] LogOutputStream:75 - [STDERR_REDIRECT] WARNING: Couldn't flush system prefs: java.util.prefs.BackingStoreException: Couldn't get file lock.
2024-08-15 17:12:28,133 [ERROR] LogOutputStream:75 - [STDERR_REDIRECT] 
2024-08-15 17:12:58,133 [ERROR] LogOutputStream:75 - [STDERR_REDIRECT] Aug 15, 2024 5:12:58 PM java.util.prefs.FileSystemPreferences checkLockFile0ErrorCode
2024-08-15 17:12:58,133 [ERROR] LogOutputStream:75 - [STDERR_REDIRECT] WARNING: Could not lock System prefs. Unix error code 32753.
2024-08-15 17:12:58,134 [ERROR] LogOutputStream:75 - [STDERR_REDIRECT] 
2024-08-15 17:12:58,134 [ERROR] LogOutputStream:75 - [STDERR_REDIRECT] Aug 15, 2024 5:12:58 PM java.util.prefs.FileSystemPreferences syncWorld
2024-08-15 17:12:58,134 [ERROR] LogOutputStream:75 - [STDERR_REDIRECT] WARNING: Couldn't flush system prefs: java.util.prefs.BackingStoreException: Couldn't get file lock.
2024-08-15 17:12:58,134 [ERROR] LogOutputStream:75 - [STDERR_REDIRECT] 
2024-08-15 17:13:28,133 [ERROR] LogOutputStream:75 - [STDERR_REDIRECT] Aug 15, 2024 5:13:28 PM java.util.prefs.FileSystemPreferences checkLockFile0ErrorCode
2024-08-15 17:13:28,133 [ERROR] LogOutputStream:75 - [STDERR_REDIRECT] WARNING: Could not lock System prefs. Unix error code 32753.
2024-08-15 17:13:28,134 [ERROR] LogOutputStream:75 - [STDERR_REDIRECT] 
2024-08-15 17:13:28,134 [ERROR] LogOutputStream:75 - [STDERR_REDIRECT] Aug 15, 2024 5:13:28 PM java.util.prefs.FileSystemPreferences syncWorld
2024-08-15 17:13:28,134 [ERROR] LogOutputStream:75 - [STDERR_REDIRECT] WARNING: Couldn't flush system prefs: java.util.prefs.BackingStoreException: Couldn't get file lock.
2024-08-15 17:13:28,134 [ERROR] LogOutputStream:75 - [STDERR_REDIRECT] 
2024-08-15 17:13:58,134 [ERROR] LogOutputStream:75 - [STDERR_REDIRECT] Aug 15, 2024 5:13:58 PM java.util.prefs.FileSystemPreferences checkLockFile0ErrorCode
2024-08-15 17:13:58,134 [ERROR] LogOutputStream:75 - [STDERR_REDIRECT] WARNING: Could not lock System prefs. Unix error code 32753.
2024-08-15 17:13:58,134 [ERROR] LogOutputStream:75 - [STDERR_REDIRECT] 
2024-08-15 17:13:58,135 [ERROR] LogOutputStream:75 - [STDERR_REDIRECT] Aug 15, 2024 5:13:58 PM java.util.prefs.FileSystemPreferences syncWorld
2024-08-15 17:13:58,135 [ERROR] LogOutputStream:75 - [STDERR_REDIRECT] WARNING: Couldn't flush system prefs: java.util.prefs.BackingStoreException: Couldn't get file lock.
2024-08-15 17:13:58,135 [ERROR] LogOutputStream:75 - [STDERR_REDIRECT] 
2024-08-15 17:14:28,135 [ERROR] LogOutputStream:75 - [STDERR_REDIRECT] Aug 15, 2024 5:14:28 PM java.util.prefs.FileSystemPreferences checkLockFile0ErrorCode
2024-08-15 17:14:28,135 [ERROR] LogOutputStream:75 - [STDERR_REDIRECT] WARNING: Could not lock System prefs. Unix error code 32753.
2024-08-15 17:14:28,135 [ERROR] LogOutputStream:75 - [STDERR_REDIRECT] 
2024-08-15 17:14:28,136 [ERROR] LogOutputStream:75 - [STDERR_REDIRECT] Aug 15, 2024 5:14:28 PM java.util.prefs.FileSystemPreferences syncWorld
2024-08-15 17:14:28,136 [ERROR] LogOutputStream:75 - [STDERR_REDIRECT] WARNING: Couldn't flush system prefs: java.util.prefs.BackingStoreException: Couldn't get file lock.
2024-08-15 17:14:28,136 [ERROR] LogOutputStream:75 - [STDERR_REDIRECT] 
2024-08-15 17:14:58,133 [ERROR] LogOutputStream:75 - [STDERR_REDIRECT] Aug 15, 2024 5:14:58 PM java.util.prefs.FileSystemPreferences checkLockFile0ErrorCode
2024-08-15 17:14:58,133 [ERROR] LogOutputStream:75 - [STDERR_REDIRECT] WARNING: Could not lock System prefs. Unix error code 32753.
2024-08-15 17:14:58,134 [ERROR] LogOutputStream:75 - [STDERR_REDIRECT] 
2024-08-15 17:14:58,134 [ERROR] LogOutputStream:75 - [STDERR_REDIRECT] Aug 15, 2024 5:14:58 PM java.util.prefs.FileSystemPreferences syncWorld
2024-08-15 17:14:58,134 [ERROR] LogOutputStream:75 - [STDERR_REDIRECT] WARNING: Couldn't flush system prefs: java.util.prefs.BackingStoreException: Couldn't get file lock.
2024-08-15 17:14:58,134 [ERROR] LogOutputStream:75 - [STDERR_REDIRECT] 
2024-08-15 17:15:28,134 [ERROR] LogOutputStream:75 - [STDERR_REDIRECT] Aug 15, 2024 5:15:28 PM java.util.prefs.FileSystemPreferences checkLockFile0ErrorCode
2024-08-15 17:15:28,134 [ERROR] LogOutputStream:75 - [STDERR_REDIRECT] WARNING: Could not lock System prefs. Unix error code 32753.
2024-08-15 17:15:28,134 [ERROR] LogOutputStream:75 - [STDERR_REDIRECT] 
2024-08-15 17:15:28,135 [ERROR] LogOutputStream:75 - [STDERR_REDIRECT] Aug 15, 2024 5:15:28 PM java.util.prefs.FileSystemPreferences syncWorld
2024-08-15 17:15:28,135 [ERROR] LogOutputStream:75 - [STDERR_REDIRECT] WARNING: Couldn't flush system prefs: java.util.prefs.BackingStoreException: Couldn't get file lock.
2024-08-15 17:15:28,135 [ERROR] LogOutputStream:75 - [STDERR_REDIRECT] 
2024-08-15 17:15:58,135 [ERROR] LogOutputStream:75 - [STDERR_REDIRECT] Aug 15, 2024 5:15:58 PM java.util.prefs.FileSystemPreferences checkLockFile0ErrorCode
2024-08-15 17:15:58,135 [ERROR] LogOutputStream:75 - [STDERR_REDIRECT] WARNING: Could not lock System prefs. Unix error code 32753.
2024-08-15 17:15:58,135 [ERROR] LogOutputStream:75 - [STDERR_REDIRECT] 
2024-08-15 17:15:58,136 [ERROR] LogOutputStream:75 - [STDERR_REDIRECT] Aug 15, 2024 5:15:58 PM java.util.prefs.FileSystemPreferences syncWorld
2024-08-15 17:15:58,136 [ERROR] LogOutputStream:75 - [STDERR_REDIRECT] WARNING: Couldn't flush system prefs: java.util.prefs.BackingStoreException: Couldn't get file lock.
2024-08-15 17:15:58,136 [ERROR] LogOutputStream:75 - [STDERR_REDIRECT] 
2024-08-15 17:16:28,134 [ERROR] LogOutputStream:75 - [STDERR_REDIRECT] Aug 15, 2024 5:16:28 PM java.util.prefs.FileSystemPreferences checkLockFile0ErrorCode
2024-08-15 17:16:28,134 [ERROR] LogOutputStream:75 - [STDERR_REDIRECT] WARNING: Could not lock System prefs. Unix error code 32753.
2024-08-15 17:16:28,135 [ERROR] LogOutputStream:75 - [STDERR_REDIRECT] 
2024-08-15 17:16:28,135 [ERROR] LogOutputStream:75 - [STDERR_REDIRECT] Aug 15, 2024 5:16:28 PM java.util.prefs.FileSystemPreferences syncWorld
2024-08-15 17:16:28,135 [ERROR] LogOutputStream:75 - [STDERR_REDIRECT] WARNING: Couldn't flush system prefs: java.util.prefs.BackingStoreException: Couldn't get file lock.
2024-08-15 17:16:28,135 [ERROR] LogOutputStream:75 - [STDERR_REDIRECT] 
2024-08-15 17:16:58,134 [ERROR] LogOutputStream:75 - [STDERR_REDIRECT] Aug 15, 2024 5:16:58 PM java.util.prefs.FileSystemPreferences checkLockFile0ErrorCode
2024-08-15 17:16:58,134 [ERROR] LogOutputStream:75 - [STDERR_REDIRECT] WARNING: Could not lock System prefs. Unix error code 32753.
2024-08-15 17:16:58,135 [ERROR] LogOutputStream:75 - [STDERR_REDIRECT] 
2024-08-15 17:16:58,135 [ERROR] LogOutputStream:75 - [STDERR_REDIRECT] Aug 15, 2024 5:16:58 PM java.util.prefs.FileSystemPreferences syncWorld
2024-08-15 17:16:58,135 [ERROR] LogOutputStream:75 - [STDERR_REDIRECT] WARNING: Couldn't flush system prefs: java.util.prefs.BackingStoreException: Couldn't get file lock.
2024-08-15 17:16:58,135 [ERROR] LogOutputStream:75 - [STDERR_REDIRECT] 
2024-08-15 17:17:28,134 [ERROR] LogOutputStream:75 - [STDERR_REDIRECT] Aug 15, 2024 5:17:28 PM java.util.prefs.FileSystemPreferences checkLockFile0ErrorCode
2024-08-15 17:17:28,135 [ERROR] LogOutputStream:75 - [STDERR_REDIRECT] WARNING: Could not lock System prefs. Unix error code 32753.
2024-08-15 17:17:28,135 [ERROR] LogOutputStream:75 - [STDERR_REDIRECT] 
2024-08-15 17:17:28,135 [ERROR] LogOutputStream:75 - [STDERR_REDIRECT] Aug 15, 2024 5:17:28 PM java.util.prefs.FileSystemPreferences syncWorld
2024-08-15 17:17:28,135 [ERROR] LogOutputStream:75 - [STDERR_REDIRECT] WARNING: Couldn't flush system prefs: java.util.prefs.BackingStoreException: Couldn't get file lock.
2024-08-15 17:17:28,136 [ERROR] LogOutputStream:75 - [STDERR_REDIRECT] 
2024-08-15 17:17:58,134 [ERROR] LogOutputStream:75 - [STDERR_REDIRECT] Aug 15, 2024 5:17:58 PM java.util.prefs.FileSystemPreferences checkLockFile0ErrorCode
2024-08-15 17:17:58,134 [ERROR] LogOutputStream:75 - [STDERR_REDIRECT] WARNING: Could not lock System prefs. Unix error code 32753.
2024-08-15 17:17:58,134 [ERROR] LogOutputStream:75 - [STDERR_REDIRECT] 
2024-08-15 17:17:58,135 [ERROR] LogOutputStream:75 - [STDERR_REDIRECT] Aug 15, 2024 5:17:58 PM java.util.prefs.FileSystemPreferences syncWorld
2024-08-15 17:17:58,135 [ERROR] LogOutputStream:75 - [STDERR_REDIRECT] WARNING: Couldn't flush system prefs: java.util.prefs.BackingStoreException: Couldn't get file lock.
2024-08-15 17:17:58,135 [ERROR] LogOutputStream:75 - [STDERR_REDIRECT] 
2024-08-15 17:18:28,135 [ERROR] LogOutputStream:75 - [STDERR_REDIRECT] Aug 15, 2024 5:18:28 PM java.util.prefs.FileSystemPreferences checkLockFile0ErrorCode
2024-08-15 17:18:28,136 [ERROR] LogOutputStream:75 - [STDERR_REDIRECT] WARNING: Could not lock System prefs. Unix error code 32753.
2024-08-15 17:18:28,136 [ERROR] LogOutputStream:75 - [STDERR_REDIRECT] 
2024-08-15 17:18:28,136 [ERROR] LogOutputStream:75 - [STDERR_REDIRECT] Aug 15, 2024 5:18:28 PM java.util.prefs.FileSystemPreferences syncWorld
2024-08-15 17:18:28,136 [ERROR] LogOutputStream:75 - [STDERR_REDIRECT] WARNING: Couldn't flush system prefs: java.util.prefs.BackingStoreException: Couldn't get file lock.
2024-08-15 17:18:28,136 [ERROR] LogOutputStream:75 - [STDERR_REDIRECT] 
2024-08-15 17:18:58,134 [ERROR] LogOutputStream:75 - [STDERR_REDIRECT] Aug 15, 2024 5:18:58 PM java.util.prefs.FileSystemPreferences checkLockFile0ErrorCode
2024-08-15 17:18:58,135 [ERROR] LogOutputStream:75 - [STDERR_REDIRECT] WARNING: Could not lock System prefs. Unix error code 32753.
2024-08-15 17:18:58,135 [ERROR] LogOutputStream:75 - [STDERR_REDIRECT] 
2024-08-15 17:18:58,136 [ERROR] LogOutputStream:75 - [STDERR_REDIRECT] Aug 15, 2024 5:18:58 PM java.util.prefs.FileSystemPreferences syncWorld
2024-08-15 17:18:58,136 [ERROR] LogOutputStream:75 - [STDERR_REDIRECT] WARNING: Couldn't flush system prefs: java.util.prefs.BackingStoreException: Couldn't get file lock.
2024-08-15 17:18:58,136 [ERROR] LogOutputStream:75 - [STDERR_REDIRECT] 
2024-08-15 17:19:28,135 [ERROR] LogOutputStream:75 - [STDERR_REDIRECT] Aug 15, 2024 5:19:28 PM java.util.prefs.FileSystemPreferences checkLockFile0ErrorCode
2024-08-15 17:19:28,135 [ERROR] LogOutputStream:75 - [STDERR_REDIRECT] WARNING: Could not lock System prefs. Unix error code 32753.
2024-08-15 17:19:28,135 [ERROR] LogOutputStream:75 - [STDERR_REDIRECT] 
2024-08-15 17:19:28,136 [ERROR] LogOutputStream:75 - [STDERR_REDIRECT] Aug 15, 2024 5:19:28 PM java.util.prefs.FileSystemPreferences syncWorld
2024-08-15 17:19:28,136 [ERROR] LogOutputStream:75 - [STDERR_REDIRECT] WARNING: Couldn't flush system prefs: java.util.prefs.BackingStoreException: Couldn't get file lock.
2024-08-15 17:19:28,136 [ERROR] LogOutputStream:75 - [STDERR_REDIRECT] 
2024-08-15 17:19:58,135 [ERROR] LogOutputStream:75 - [STDERR_REDIRECT] Aug 15, 2024 5:19:58 PM java.util.prefs.FileSystemPreferences checkLockFile0ErrorCode
2024-08-15 17:19:58,135 [ERROR] LogOutputStream:75 - [STDERR_REDIRECT] WARNING: Could not lock System prefs. Unix error code 32753.
2024-08-15 17:19:58,135 [ERROR] LogOutputStream:75 - [STDERR_REDIRECT] 
2024-08-15 17:19:58,136 [ERROR] LogOutputStream:75 - [STDERR_REDIRECT] Aug 15, 2024 5:19:58 PM java.util.prefs.FileSystemPreferences syncWorld
2024-08-15 17:19:58,136 [ERROR] LogOutputStream:75 - [STDERR_REDIRECT] WARNING: Couldn't flush system prefs: java.util.prefs.BackingStoreException: Couldn't get file lock.
2024-08-15 17:19:58,136 [ERROR] LogOutputStream:75 - [STDERR_REDIRECT] 
2024-08-15 17:20:28,135 [ERROR] LogOutputStream:75 - [STDERR_REDIRECT] Aug 15, 2024 5:20:28 PM java.util.prefs.FileSystemPreferences checkLockFile0ErrorCode
2024-08-15 17:20:28,135 [ERROR] LogOutputStream:75 - [STDERR_REDIRECT] WARNING: Could not lock System prefs. Unix error code 32753.
2024-08-15 17:20:28,135 [ERROR] LogOutputStream:75 - [STDERR_REDIRECT] 
2024-08-15 17:20:28,136 [ERROR] LogOutputStream:75 - [STDERR_REDIRECT] Aug 15, 2024 5:20:28 PM java.util.prefs.FileSystemPreferences syncWorld
2024-08-15 17:20:28,136 [ERROR] LogOutputStream:75 - [STDERR_REDIRECT] WARNING: Couldn't flush system prefs: java.util.prefs.BackingStoreException: Couldn't get file lock.
2024-08-15 17:20:28,136 [ERROR] LogOutputStream:75 - [STDERR_REDIRECT] 
2024-08-15 17:20:58,135 [ERROR] LogOutputStream:75 - [STDERR_REDIRECT] Aug 15, 2024 5:20:58 PM java.util.prefs.FileSystemPreferences checkLockFile0ErrorCode
2024-08-15 17:20:58,135 [ERROR] LogOutputStream:75 - [STDERR_REDIRECT] WARNING: Could not lock System prefs. Unix error code 32753.
2024-08-15 17:20:58,135 [ERROR] LogOutputStream:75 - [STDERR_REDIRECT] 
2024-08-15 17:20:58,136 [ERROR] LogOutputStream:75 - [STDERR_REDIRECT] Aug 15, 2024 5:20:58 PM java.util.prefs.FileSystemPreferences syncWorld
2024-08-15 17:20:58,136 [ERROR] LogOutputStream:75 - [STDERR_REDIRECT] WARNING: Couldn't flush system prefs: java.util.prefs.BackingStoreException: Couldn't get file lock.
2024-08-15 17:20:58,136 [ERROR] LogOutputStream:75 - [STDERR_REDIRECT] 
2024-08-15 17:21:06,193 [ERROR] LogOutputStream:75 - [STDERR_REDIRECT] 
