21:51:07 **** Incremental Build of configuration Debug for project Exercise_1.1 ****
make -j8 all 
arm-none-eabi-gcc "../Core/Src/main.c" -mcpu=cortex-m4 -std=gnu11 -g3 -DDEBUG -DUSE_HAL_DRIVER -DSTM32F429xx -c -I../Core/Inc -I../Drivers/STM32F4xx_HAL_Driver/Inc -I../Drivers/STM32F4xx_HAL_Driver/Inc/Legacy -I../Drivers/CMSIS/Device/ST/STM32F4xx/Include -I../Drivers/CMSIS/Include -O0 -ffunction-sections -fdata-sections -Wall -fstack-usage -fcyclomatic-complexity -MMD -MP -MF"Core/Src/main.d" -MT"Core/Src/main.o" --specs=nano.specs -mfpu=fpv4-sp-d16 -mfloat-abi=hard -mthumb -o "Core/Src/main.o"
arm-none-eabi-gcc -o "Exercise_1.1.elf" @"objects.list"   -mcpu=cortex-m4 -T"/home/ubuntu/Desktop/MSc in Embedded Systems/2. Programación de Microcontroladores (PdM)/PdM_VAZQUEZ_workspace/Exercise_1.1/STM32F429ZITX_FLASH.ld" --specs=nosys.specs -Wl,-Map="Exercise_1.1.map" -Wl,--gc-sections -static --specs=nano.specs -mfpu=fpv4-sp-d16 -mfloat-abi=hard -mthumb -Wl,--start-group -lc -lm -Wl,--end-group
Finished building target: Exercise_1.1.elf
 
arm-none-eabi-size  Exercise_1.1.elf 
arm-none-eabi-objdump -h -S Exercise_1.1.elf  > "Exercise_1.1.list"
   text	   data	    bss	    dec	    hex	filename
   5904	     12	   1572	   7488	   1d40	Exercise_1.1.elf
Finished building: default.size.stdout
 
Finished building: Exercise_1.1.list
 
21:51:18 **** Incremental Build of configuration Debug for project Exercise_1.1 ****
make -j8 all 
arm-none-eabi-size  Exercise_1.1.elf 
   text	   data	    bss	    dec	    hex	filename
   5904	     12	   1572	   7488	   1d40	Exercise_1.1.elf
Finished building: default.size.stdout
 
21:51:35 **** Incremental Build of configuration Debug for project Exercise_1.1 ****
make -j8 all 
arm-none-eabi-size  Exercise_1.1.elf 
   text	   data	    bss	    dec	    hex	filename
   5904	     12	   1572	   7488	   1d40	Exercise_1.1.elf
Finished building: default.size.stdout
 
